This file contains any messages produced by compilers while
running configure, to aid debugging if configure makes a mistake.

It was created by configure, which was
generated by GNU Autoconf 2.66.  Invocation command line was

  $ ./configure --disable-option-checking --prefix=/usr/local CPP=/usr/bin/cpp --cache-file=/dev/null --srcdir=.

## --------- ##
## Platform. ##
## --------- ##

hostname = nuno.intern.nullstars.com
uname -m = x86_64
uname -r = 11.2.0
uname -s = Darwin
uname -v = Darwin Kernel Version 11.2.0: Tue Aug  9 20:54:00 PDT 2011; root:xnu-1699.24.8~1/RELEASE_X86_64

/usr/bin/uname -p = i386
/bin/uname -X     = unknown

/bin/arch              = unknown
/usr/bin/arch -k       = unknown
/usr/convex/getsysinfo = unknown
/usr/bin/hostinfo      = Mach kernel version:
	 Darwin Kernel Version 11.2.0: Tue Aug  9 20:54:00 PDT 2011; root:xnu-1699.24.8~1/RELEASE_X86_64
Kernel configured for up to 2 processors.
2 processors are physically available.
2 processors are logically available.
Processor type: i486 (Intel 80486)
Processors active: 0 1
Primary memory available: 8.00 gigabytes
Default processor set: 109 tasks, 595 threads, 2 processors
Load average: 4.65, Mach factor: 0.33
/bin/machine           = unknown
/usr/bin/oslevel       = unknown
/bin/universe          = unknown

PATH: /Users/nfma/.rvm/gems/ruby-1.9.3-p0/bin
PATH: /Users/nfma/.rvm/gems/ruby-1.9.3-p0@global/bin
PATH: /Users/nfma/.rvm/rubies/ruby-1.9.3-p0/bin
PATH: /Users/nfma/.rvm/bin
PATH: /usr/bin
PATH: /bin
PATH: /usr/sbin
PATH: /sbin
PATH: /usr/local/bin
PATH: /usr/X11/bin
PATH: /usr/local/sw/bin
PATH: /home/nfma/Apps/apache-maven-3.0.3/bin


## ----------- ##
## Core tests. ##
## ----------- ##

configure:2072: checking build system type
configure:2086: result: x86_64-apple-darwin11.2.0
configure:2106: checking host system type
configure:2119: result: x86_64-apple-darwin11.2.0
configure:2307: checking for gcc
configure:2323: found /usr/bin/gcc
configure:2334: result: gcc
configure:2563: checking for C compiler version
configure:2572: gcc --version >&5
i686-apple-darwin11-llvm-gcc-4.2 (GCC) 4.2.1 (Based on Apple Inc. build 5658) (LLVM build 2336.1.00)
Copyright (C) 2007 Free Software Foundation, Inc.
This is free software; see the source for copying conditions.  There is NO
warranty; not even for MERCHANTABILITY or FITNESS FOR A PARTICULAR PURPOSE.

configure:2583: $? = 0
configure:2572: gcc -v >&5
Using built-in specs.
Target: i686-apple-darwin11
Configured with: /private/var/tmp/llvmgcc42/llvmgcc42-2336.1~22/src/configure --disable-checking --enable-werror --prefix=/Developer/usr/llvm-gcc-4.2 --mandir=/share/man --enable-languages=c,objc,c++,obj-c++ --program-prefix=llvm- --program-transform-name=/^[cg][^.-]*$/s/$/-4.2/ --with-slibdir=/usr/lib --build=i686-apple-darwin11 --enable-llvm=/private/var/tmp/llvmgcc42/llvmgcc42-2336.1~22/dst-llvmCore/Developer/usr/local --program-prefix=i686-apple-darwin11- --host=x86_64-apple-darwin11 --target=i686-apple-darwin11 --with-gxx-include-dir=/usr/include/c++/4.2.1
Thread model: posix
gcc version 4.2.1 (Based on Apple Inc. build 5658) (LLVM build 2336.1.00)
configure:2583: $? = 0
configure:2572: gcc -V >&5
llvm-gcc-4.2: argument to `-V' is missing
configure:2583: $? = 1
configure:2572: gcc -qversion >&5
i686-apple-darwin11-llvm-gcc-4.2: no input files
configure:2583: $? = 1
configure:2603: checking whether the C compiler works
configure:2625: gcc    conftest.c  >&5
configure:2629: $? = 0
configure:2677: result: yes
configure:2680: checking for C compiler default output file name
configure:2682: result: a.out
configure:2688: checking for suffix of executables
configure:2695: gcc -o conftest    conftest.c  >&5
configure:2699: $? = 0
configure:2721: result: 
configure:2743: checking whether we are cross compiling
configure:2751: gcc -o conftest    conftest.c  >&5
configure:2755: $? = 0
configure:2762: ./conftest
configure:2766: $? = 0
configure:2781: result: no
configure:2786: checking for suffix of object files
configure:2808: gcc -c   conftest.c >&5
configure:2812: $? = 0
configure:2833: result: o
configure:2837: checking whether we are using the GNU C compiler
configure:2856: gcc -c   conftest.c >&5
configure:2856: $? = 0
configure:2865: result: yes
configure:2874: checking whether gcc accepts -g
configure:2894: gcc -c -g  conftest.c >&5
configure:2894: $? = 0
configure:2935: result: yes
configure:2952: checking for gcc option to accept ISO C89
configure:3016: gcc  -c -g -O2  conftest.c >&5
configure:3016: $? = 0
configure:3029: result: none needed
configure:3095: checking for ranlib
configure:3111: found /usr/bin/ranlib
configure:3122: result: ranlib
configure:3149: checking for gethostent
configure:3149: result: no
configure:3153: checking for gethostent in -lnsl
configure:3225: gcc -o conftest -g -O2 -Wall    conftest.c -lnsl   >&5
ld: library not found for -lnsl
collect2: ld returned 1 exit status
configure:3225: $? = 1
configure: failed program was:
| /* confdefs.h */
| #define PACKAGE_NAME ""
| #define PACKAGE_TARNAME ""
| #define PACKAGE_VERSION ""
| #define PACKAGE_STRING ""
| #define PACKAGE_BUGREPORT ""
| #define PACKAGE_URL ""
| #define MACOSX 1
| #define HAVE_PCAP 1
| /* end confdefs.h.  */
| 
| /* Override any GCC internal prototype to avoid an error.
|    Use char because int might match the return type of a GCC
|    builtin and then its argument prototype would still apply.  */
| #ifdef __cplusplus
| extern "C"
| #endif
| char gethostent ();
| int
| main ()
| {
| return gethostent ();
|   ;
|   return 0;
| }
configure:3234: result: no
configure:3247: checking for setsockopt
configure:3247: gcc -o conftest -g -O2 -Wall    conftest.c  >&5
configure:3247: $? = 0
configure:3247: result: yes
configure:3299: checking for nanosleep
configure:3299: gcc -o conftest -g -O2 -Wall    conftest.c  >&5
configure:3299: $? = 0
configure:3299: result: yes
configure:3356: checking how to run the C preprocessor
configure:3426: result: /usr/bin/cpp
configure:3446: /usr/bin/cpp  conftest.c
configure:3446: $? = 0
configure:3460: /usr/bin/cpp  conftest.c
conftest.c:11: error: ac_nonexistent.h: No such file or directory
configure:3460: $? = 1
configure: failed program was:
| /* confdefs.h */
| #define PACKAGE_NAME ""
| #define PACKAGE_TARNAME ""
| #define PACKAGE_VERSION ""
| #define PACKAGE_STRING ""
| #define PACKAGE_BUGREPORT ""
| #define PACKAGE_URL ""
| #define MACOSX 1
| #define HAVE_PCAP 1
| /* end confdefs.h.  */
| #include <ac_nonexistent.h>
configure:3489: checking for grep that handles long lines and -e
configure:3547: result: /usr/bin/grep
configure:3552: checking for egrep
configure:3614: result: /usr/bin/grep -E
configure:3619: checking for ANSI C header files
configure:3639: gcc -c -g -O2 -Wall   conftest.c >&5
configure:3639: $? = 0
configure:3712: gcc -o conftest -g -O2 -Wall    conftest.c  >&5
configure:3712: $? = 0
configure:3712: ./conftest
configure:3712: $? = 0
configure:3723: result: yes
configure:3736: checking for sys/types.h
configure:3736: gcc -c -g -O2 -Wall   conftest.c >&5
configure:3736: $? = 0
configure:3736: result: yes
configure:3736: checking for sys/stat.h
configure:3736: gcc -c -g -O2 -Wall   conftest.c >&5
configure:3736: $? = 0
configure:3736: result: yes
configure:3736: checking for stdlib.h
configure:3736: gcc -c -g -O2 -Wall   conftest.c >&5
configure:3736: $? = 0
configure:3736: result: yes
configure:3736: checking for string.h
configure:3736: gcc -c -g -O2 -Wall   conftest.c >&5
configure:3736: $? = 0
configure:3736: result: yes
configure:3736: checking for memory.h
configure:3736: gcc -c -g -O2 -Wall   conftest.c >&5
configure:3736: $? = 0
configure:3736: result: yes
configure:3736: checking for strings.h
configure:3736: gcc -c -g -O2 -Wall   conftest.c >&5
configure:3736: $? = 0
configure:3736: result: yes
configure:3736: checking for inttypes.h
configure:3736: gcc -c -g -O2 -Wall   conftest.c >&5
configure:3736: $? = 0
configure:3736: result: yes
configure:3736: checking for stdint.h
configure:3736: gcc -c -g -O2 -Wall   conftest.c >&5
configure:3736: $? = 0
configure:3736: result: yes
configure:3736: checking for unistd.h
configure:3736: gcc -c -g -O2 -Wall   conftest.c >&5
configure:3736: $? = 0
configure:3736: result: yes
configure:3751: checking net/bpf.h usability
configure:3751: gcc -c -g -O2 -Wall   conftest.c >&5
configure:3751: $? = 0
configure:3751: result: yes
configure:3751: checking net/bpf.h presence
configure:3751: /usr/bin/cpp  conftest.c
configure:3751: $? = 0
configure:3751: result: yes
configure:3751: checking for net/bpf.h
configure:3751: result: yes
configure:3751: checking sys/ioctl.h usability
configure:3751: gcc -c -g -O2 -Wall   conftest.c >&5
configure:3751: $? = 0
configure:3751: result: yes
configure:3751: checking sys/ioctl.h presence
configure:3751: /usr/bin/cpp  conftest.c
configure:3751: $? = 0
configure:3751: result: yes
configure:3751: checking for sys/ioctl.h
configure:3751: result: yes
configure:3786: checking openssl/ssl.h usability
configure:3786: gcc -c -g -O2 -Wall   conftest.c >&5
configure:3786: $? = 0
configure:3786: result: yes
configure:3786: checking openssl/ssl.h presence
configure:3786: /usr/bin/cpp  conftest.c
In file included from /usr/include/stdio.h:500,
                 from /usr/include/openssl/crypto.h:128,
                 from /usr/include/openssl/comp.h:8,
                 from /usr/include/openssl/ssl.h:179,
                 from conftest.c:24:
/usr/include/secure/_stdio.h:49: error: syntax error in macro parameter list
/usr/include/secure/_stdio.h:57: error: syntax error in macro parameter list
configure:3786: $? = 1
configure: failed program was:
| /* confdefs.h */
| #define PACKAGE_NAME ""
| #define PACKAGE_TARNAME ""
| #define PACKAGE_VERSION ""
| #define PACKAGE_STRING ""
| #define PACKAGE_BUGREPORT ""
| #define PACKAGE_URL ""
| #define MACOSX 1
| #define HAVE_PCAP 1
| #define STDC_HEADERS 1
| #define HAVE_SYS_TYPES_H 1
| #define HAVE_SYS_STAT_H 1
| #define HAVE_STDLIB_H 1
| #define HAVE_STRING_H 1
| #define HAVE_MEMORY_H 1
| #define HAVE_STRINGS_H 1
| #define HAVE_INTTYPES_H 1
| #define HAVE_STDINT_H 1
| #define HAVE_UNISTD_H 1
| #define HAVE_NET_BPF_H 1
| #define HAVE_SYS_IOCTL_H 1
| /* end confdefs.h.  */
| #include <openssl/ssl.h>
configure:3786: result: no
configure:3786: WARNING: openssl/ssl.h: accepted by the compiler, rejected by the preprocessor!
configure:3786: WARNING: openssl/ssl.h: proceeding with the compiler's result
configure:3786: checking for openssl/ssl.h
configure:3786: result: yes
configure:3803: checking for BIO_int_ctrl in -lcrypto
configure:3828: gcc -o conftest -g -O2 -Wall    conftest.c -lcrypto   >&5
configure:3828: $? = 0
configure:3837: result: yes
configure:3854: checking for SSL_new in -lssl
configure:3879: gcc -o conftest -g -O2 -Wall    conftest.c -lssl  -lcrypto   >&5
configure:3879: $? = 0
configure:3888: result: yes
configure:3905: checking for library containing dlopen
configure:3936: gcc -o conftest -g -O2 -Wall    conftest.c  >&5
configure:3936: $? = 0
configure:3953: result: none required
configure:3972: checking for SSL_set_tlsext_host_name
configure:3985: gcc -o conftest -g -O2 -Wall    conftest.c  -lssl -lcrypto >&5
conftest.c: In function 'main':
conftest.c:28: warning: 'SSL_ctrl' is deprecated (declared at /usr/include/openssl/ssl.h:1496)
configure:3985: $? = 0
configure:3986: result: yes
configure:4127: creating ./config.status

## ---------------------- ##
## Running config.status. ##
## ---------------------- ##

This file was extended by config.status, which was
generated by GNU Autoconf 2.66.  Invocation command line was

  CONFIG_FILES    = 
  CONFIG_HEADERS  = 
  CONFIG_LINKS    = 
  CONFIG_COMMANDS = 
  $ ./config.status 

on nuno.intern.nullstars.com

config.status:820: creating Makefile
config.status:820: creating ../include/nsock_config.h

## ---------------- ##
## Cache variables. ##
## ---------------- ##

ac_cv_build=x86_64-apple-darwin11.2.0
ac_cv_c_compiler_gnu=yes
ac_cv_env_CC_set=
ac_cv_env_CC_value=
ac_cv_env_CFLAGS_set=
ac_cv_env_CFLAGS_value=
ac_cv_env_CPPFLAGS_set=
ac_cv_env_CPPFLAGS_value=
ac_cv_env_CPP_set=set
ac_cv_env_CPP_value=/usr/bin/cpp
ac_cv_env_LDFLAGS_set=
ac_cv_env_LDFLAGS_value=
ac_cv_env_LIBS_set=
ac_cv_env_LIBS_value=
ac_cv_env_build_alias_set=
ac_cv_env_build_alias_value=
ac_cv_env_host_alias_set=
ac_cv_env_host_alias_value=
ac_cv_env_target_alias_set=
ac_cv_env_target_alias_value=
ac_cv_func_gethostent=no
ac_cv_func_nanosleep=yes
ac_cv_func_setsockopt=yes
ac_cv_header_inttypes_h=yes
ac_cv_header_memory_h=yes
ac_cv_header_net_bpf_h=yes
ac_cv_header_openssl_ssl_h=yes
ac_cv_header_stdc=yes
ac_cv_header_stdint_h=yes
ac_cv_header_stdlib_h=yes
ac_cv_header_string_h=yes
ac_cv_header_strings_h=yes
ac_cv_header_sys_ioctl_h=yes
ac_cv_header_sys_stat_h=yes
ac_cv_header_sys_types_h=yes
ac_cv_header_unistd_h=yes
ac_cv_host=x86_64-apple-darwin11.2.0
ac_cv_lib_crypto_BIO_int_ctrl=yes
ac_cv_lib_nsl_gethostent=no
ac_cv_lib_ssl_SSL_new=yes
ac_cv_objext=o
ac_cv_path_EGREP='/usr/bin/grep -E'
ac_cv_path_GREP=/usr/bin/grep
ac_cv_prog_CPP=/usr/bin/cpp
ac_cv_prog_ac_ct_CC=gcc
ac_cv_prog_ac_ct_RANLIB=ranlib
ac_cv_prog_cc_c89=
ac_cv_prog_cc_g=yes
ac_cv_search_dlopen='none required'

## ----------------- ##
## Output variables. ##
## ----------------- ##

CC='gcc'
CFLAGS='-g -O2 -Wall '
COMPAT_OBJS=''
COMPAT_SRCS=''
CPP='/usr/bin/cpp'
CPPFLAGS=' -I../../nbase'
DEFS='-DHAVE_CONFIG_H'
ECHO_C='\c'
ECHO_N=''
ECHO_T=''
EGREP='/usr/bin/grep -E'
EXEEXT=''
GREP='/usr/bin/grep'
LDFLAGS=' -L../../nbase'
LIBNBASE_LIBS=' -lssl -lcrypto -lnbase'
LIBOBJS=''
LIBS=' -lssl -lcrypto'
LTLIBOBJS=''
NBASEDIR='../../nbase'
OBJEXT='o'
OPENSSL_LIBS='-lssl -lcrypto'
PACKAGE_BUGREPORT=''
PACKAGE_NAME=''
PACKAGE_STRING=''
PACKAGE_TARNAME=''
PACKAGE_URL=''
PACKAGE_VERSION=''
PATH_SEPARATOR=':'
RANLIB='ranlib'
SHELL='/bin/sh'
ac_ct_CC='gcc'
bindir='${exec_prefix}/bin'
build='x86_64-apple-darwin11.2.0'
build_alias=''
build_cpu='x86_64'
build_os='darwin11.2.0'
build_vendor='apple'
datadir='${datarootdir}'
datarootdir='${prefix}/share'
docdir='${datarootdir}/doc/${PACKAGE}'
dvidir='${docdir}'
exec_prefix='${prefix}'
host='x86_64-apple-darwin11.2.0'
host_alias=''
host_cpu='x86_64'
host_os='darwin11.2.0'
host_vendor='apple'
htmldir='${docdir}'
includedir='${prefix}/include'
infodir='${datarootdir}/info'
libdir='${exec_prefix}/lib'
libexecdir='${exec_prefix}/libexec'
localedir='${datarootdir}/locale'
localstatedir='${prefix}/var'
mandir='${datarootdir}/man'
oldincludedir='/usr/include'
pdfdir='${docdir}'
prefix='/usr/local'
program_transform_name='s,x,x,'
psdir='${docdir}'
sbindir='${exec_prefix}/sbin'
sharedstatedir='${prefix}/com'
sysconfdir='${prefix}/etc'
target_alias=''

## ----------- ##
## confdefs.h. ##
## ----------- ##

/* confdefs.h */
#define PACKAGE_NAME ""
#define PACKAGE_TARNAME ""
#define PACKAGE_VERSION ""
#define PACKAGE_STRING ""
#define PACKAGE_BUGREPORT ""
#define PACKAGE_URL ""
#define MACOSX 1
#define HAVE_PCAP 1
#define STDC_HEADERS 1
#define HAVE_SYS_TYPES_H 1
#define HAVE_SYS_STAT_H 1
#define HAVE_STDLIB_H 1
#define HAVE_STRING_H 1
#define HAVE_MEMORY_H 1
#define HAVE_STRINGS_H 1
#define HAVE_INTTYPES_H 1
#define HAVE_STDINT_H 1
#define HAVE_UNISTD_H 1
#define HAVE_NET_BPF_H 1
#define HAVE_SYS_IOCTL_H 1
#define HAVE_OPENSSL 1
#define HAVE_SSL_SET_TLSEXT_HOST_NAME 1

configure: exit 0
