This file contains any messages produced by compilers while
running configure, to aid debugging if configure makes a mistake.

It was created by configure, which was
generated by GNU Autoconf 2.66.  Invocation command line was

  $ ./configure --disable-option-checking --prefix=/usr/local CPP=/usr/bin/cpp --cache-file=/dev/null --srcdir=.

## --------- ##
## Platform. ##
## --------- ##

hostname = nuno.intern.nullstars.com
uname -m = x86_64
uname -r = 11.2.0
uname -s = Darwin
uname -v = Darwin Kernel Version 11.2.0: Tue Aug  9 20:54:00 PDT 2011; root:xnu-1699.24.8~1/RELEASE_X86_64

/usr/bin/uname -p = i386
/bin/uname -X     = unknown

/bin/arch              = unknown
/usr/bin/arch -k       = unknown
/usr/convex/getsysinfo = unknown
/usr/bin/hostinfo      = Mach kernel version:
	 Darwin Kernel Version 11.2.0: Tue Aug  9 20:54:00 PDT 2011; root:xnu-1699.24.8~1/RELEASE_X86_64
Kernel configured for up to 2 processors.
2 processors are physically available.
2 processors are logically available.
Processor type: i486 (Intel 80486)
Processors active: 0 1
Primary memory available: 8.00 gigabytes
Default processor set: 109 tasks, 587 threads, 2 processors
Load average: 4.83, Mach factor: 0.27
/bin/machine           = unknown
/usr/bin/oslevel       = unknown
/bin/universe          = unknown

PATH: /Users/nfma/.rvm/gems/ruby-1.9.3-p0/bin
PATH: /Users/nfma/.rvm/gems/ruby-1.9.3-p0@global/bin
PATH: /Users/nfma/.rvm/rubies/ruby-1.9.3-p0/bin
PATH: /Users/nfma/.rvm/bin
PATH: /usr/bin
PATH: /bin
PATH: /usr/sbin
PATH: /sbin
PATH: /usr/local/bin
PATH: /usr/X11/bin
PATH: /usr/local/sw/bin
PATH: /home/nfma/Apps/apache-maven-3.0.3/bin


## ----------- ##
## Core tests. ##
## ----------- ##

configure:2286: checking for gcc
configure:2302: found /usr/bin/gcc
configure:2313: result: gcc
configure:2542: checking for C compiler version
configure:2551: gcc --version >&5
i686-apple-darwin11-llvm-gcc-4.2 (GCC) 4.2.1 (Based on Apple Inc. build 5658) (LLVM build 2336.1.00)
Copyright (C) 2007 Free Software Foundation, Inc.
This is free software; see the source for copying conditions.  There is NO
warranty; not even for MERCHANTABILITY or FITNESS FOR A PARTICULAR PURPOSE.

configure:2562: $? = 0
configure:2551: gcc -v >&5
Using built-in specs.
Target: i686-apple-darwin11
Configured with: /private/var/tmp/llvmgcc42/llvmgcc42-2336.1~22/src/configure --disable-checking --enable-werror --prefix=/Developer/usr/llvm-gcc-4.2 --mandir=/share/man --enable-languages=c,objc,c++,obj-c++ --program-prefix=llvm- --program-transform-name=/^[cg][^.-]*$/s/$/-4.2/ --with-slibdir=/usr/lib --build=i686-apple-darwin11 --enable-llvm=/private/var/tmp/llvmgcc42/llvmgcc42-2336.1~22/dst-llvmCore/Developer/usr/local --program-prefix=i686-apple-darwin11- --host=x86_64-apple-darwin11 --target=i686-apple-darwin11 --with-gxx-include-dir=/usr/include/c++/4.2.1
Thread model: posix
gcc version 4.2.1 (Based on Apple Inc. build 5658) (LLVM build 2336.1.00)
configure:2562: $? = 0
configure:2551: gcc -V >&5
llvm-gcc-4.2: argument to `-V' is missing
configure:2562: $? = 1
configure:2551: gcc -qversion >&5
i686-apple-darwin11-llvm-gcc-4.2: no input files
configure:2562: $? = 1
configure:2582: checking whether the C compiler works
configure:2604: gcc    conftest.c  >&5
configure:2608: $? = 0
configure:2656: result: yes
configure:2659: checking for C compiler default output file name
configure:2661: result: a.out
configure:2667: checking for suffix of executables
configure:2674: gcc -o conftest    conftest.c  >&5
configure:2678: $? = 0
configure:2700: result: 
configure:2722: checking whether we are cross compiling
configure:2730: gcc -o conftest    conftest.c  >&5
configure:2734: $? = 0
configure:2741: ./conftest
configure:2745: $? = 0
configure:2760: result: no
configure:2765: checking for suffix of object files
configure:2787: gcc -c   conftest.c >&5
configure:2791: $? = 0
configure:2812: result: o
configure:2816: checking whether we are using the GNU C compiler
configure:2835: gcc -c   conftest.c >&5
configure:2835: $? = 0
configure:2844: result: yes
configure:2853: checking whether gcc accepts -g
configure:2873: gcc -c -g  conftest.c >&5
configure:2873: $? = 0
configure:2914: result: yes
configure:2931: checking for gcc option to accept ISO C89
configure:2995: gcc  -c -g -O2  conftest.c >&5
configure:2995: $? = 0
configure:3008: result: none needed
configure:3075: checking for ranlib
configure:3091: found /usr/bin/ranlib
configure:3102: result: ranlib
configure:3161: checking build system type
configure:3175: result: x86_64-apple-darwin11.2.0
configure:3195: checking host system type
configure:3208: result: x86_64-apple-darwin11.2.0
configure:3230: checking for inline
configure:3246: gcc -c -g -O2 -Wall   conftest.c >&5
configure:3246: $? = 0
configure:3254: result: inline
configure:3287: checking how to run the C preprocessor
configure:3357: result: /usr/bin/cpp
configure:3377: /usr/bin/cpp  conftest.c
configure:3377: $? = 0
configure:3391: /usr/bin/cpp  conftest.c
conftest.c:9: error: ac_nonexistent.h: No such file or directory
configure:3391: $? = 1
configure: failed program was:
| /* confdefs.h */
| #define PACKAGE_NAME ""
| #define PACKAGE_TARNAME ""
| #define PACKAGE_VERSION ""
| #define PACKAGE_STRING ""
| #define PACKAGE_BUGREPORT ""
| #define PACKAGE_URL ""
| /* end confdefs.h.  */
| #include <ac_nonexistent.h>
configure:3420: checking for grep that handles long lines and -e
configure:3478: result: /usr/bin/grep
configure:3483: checking for egrep
configure:3545: result: /usr/bin/grep -E
configure:3550: checking for ANSI C header files
configure:3570: gcc -c -g -O2 -Wall   conftest.c >&5
configure:3570: $? = 0
configure:3643: gcc -o conftest -g -O2 -Wall    conftest.c  >&5
configure:3643: $? = 0
configure:3643: ./conftest
configure:3643: $? = 0
configure:3654: result: yes
configure:3667: checking for sys/types.h
configure:3667: gcc -c -g -O2 -Wall   conftest.c >&5
configure:3667: $? = 0
configure:3667: result: yes
configure:3667: checking for sys/stat.h
configure:3667: gcc -c -g -O2 -Wall   conftest.c >&5
configure:3667: $? = 0
configure:3667: result: yes
configure:3667: checking for stdlib.h
configure:3667: gcc -c -g -O2 -Wall   conftest.c >&5
configure:3667: $? = 0
configure:3667: result: yes
configure:3667: checking for string.h
configure:3667: gcc -c -g -O2 -Wall   conftest.c >&5
configure:3667: $? = 0
configure:3667: result: yes
configure:3667: checking for memory.h
configure:3667: gcc -c -g -O2 -Wall   conftest.c >&5
configure:3667: $? = 0
configure:3667: result: yes
configure:3667: checking for strings.h
configure:3667: gcc -c -g -O2 -Wall   conftest.c >&5
configure:3667: $? = 0
configure:3667: result: yes
configure:3667: checking for inttypes.h
configure:3667: gcc -c -g -O2 -Wall   conftest.c >&5
configure:3667: $? = 0
configure:3667: result: yes
configure:3667: checking for stdint.h
configure:3667: gcc -c -g -O2 -Wall   conftest.c >&5
configure:3667: $? = 0
configure:3667: result: yes
configure:3667: checking for unistd.h
configure:3667: gcc -c -g -O2 -Wall   conftest.c >&5
configure:3667: $? = 0
configure:3667: result: yes
configure:3682: checking for string.h
configure:3682: result: yes
configure:3682: checking getopt.h usability
configure:3682: gcc -c -g -O2 -Wall   conftest.c >&5
configure:3682: $? = 0
configure:3682: result: yes
configure:3682: checking getopt.h presence
configure:3682: /usr/bin/cpp  conftest.c
configure:3682: $? = 0
configure:3682: result: yes
configure:3682: checking for getopt.h
configure:3682: result: yes
configure:3682: checking for strings.h
configure:3682: result: yes
configure:3682: checking sys/param.h usability
configure:3682: gcc -c -g -O2 -Wall   conftest.c >&5
configure:3682: $? = 0
configure:3682: result: yes
configure:3682: checking sys/param.h presence
configure:3682: /usr/bin/cpp  conftest.c
configure:3682: $? = 0
configure:3682: result: yes
configure:3682: checking for sys/param.h
configure:3682: result: yes
configure:3682: checking sys/time.h usability
configure:3682: gcc -c -g -O2 -Wall   conftest.c >&5
configure:3682: $? = 0
configure:3682: result: yes
configure:3682: checking sys/time.h presence
configure:3682: /usr/bin/cpp  conftest.c
configure:3682: $? = 0
configure:3682: result: yes
configure:3682: checking for sys/time.h
configure:3682: result: yes
configure:3682: checking for unistd.h
configure:3682: result: yes
configure:3682: checking errno.h usability
configure:3682: gcc -c -g -O2 -Wall   conftest.c >&5
configure:3682: $? = 0
configure:3682: result: yes
configure:3682: checking errno.h presence
configure:3682: /usr/bin/cpp  conftest.c
configure:3682: $? = 0
configure:3682: result: yes
configure:3682: checking for errno.h
configure:3682: result: yes
configure:3682: checking for sys/types.h
configure:3682: result: yes
configure:3682: checking sys/socket.h usability
configure:3682: gcc -c -g -O2 -Wall   conftest.c >&5
configure:3682: $? = 0
configure:3682: result: yes
configure:3682: checking sys/socket.h presence
configure:3682: /usr/bin/cpp  conftest.c
configure:3682: $? = 0
configure:3682: result: yes
configure:3682: checking for sys/socket.h
configure:3682: result: yes
configure:3682: checking netinet/in.h usability
configure:3682: gcc -c -g -O2 -Wall   conftest.c >&5
configure:3682: $? = 0
configure:3682: result: yes
configure:3682: checking netinet/in.h presence
configure:3682: /usr/bin/cpp  conftest.c
configure:3682: $? = 0
configure:3682: result: yes
configure:3682: checking for netinet/in.h
configure:3682: result: yes
configure:3682: checking arpa/inet.h usability
configure:3682: gcc -c -g -O2 -Wall   conftest.c >&5
configure:3682: $? = 0
configure:3682: result: yes
configure:3682: checking arpa/inet.h presence
configure:3682: /usr/bin/cpp  conftest.c
configure:3682: $? = 0
configure:3682: result: yes
configure:3682: checking for arpa/inet.h
configure:3682: result: yes
configure:3682: checking for sys/stat.h
configure:3682: result: yes
configure:3682: checking netdb.h usability
configure:3682: gcc -c -g -O2 -Wall   conftest.c >&5
configure:3682: $? = 0
configure:3682: result: yes
configure:3682: checking netdb.h presence
configure:3682: /usr/bin/cpp  conftest.c
configure:3682: $? = 0
configure:3682: result: yes
configure:3682: checking for netdb.h
configure:3682: result: yes
configure:3682: checking sys/wait.h usability
configure:3682: gcc -c -g -O2 -Wall   conftest.c >&5
configure:3682: $? = 0
configure:3682: result: yes
configure:3682: checking sys/wait.h presence
configure:3682: /usr/bin/cpp  conftest.c
configure:3682: $? = 0
configure:3682: result: yes
configure:3682: checking for sys/wait.h
configure:3682: result: yes
configure:3682: checking fcntl.h usability
configure:3682: gcc -c -g -O2 -Wall   conftest.c >&5
configure:3682: $? = 0
configure:3682: result: yes
configure:3682: checking fcntl.h presence
configure:3682: /usr/bin/cpp  conftest.c
configure:3682: $? = 0
configure:3682: result: yes
configure:3682: checking for fcntl.h
configure:3682: result: yes
configure:3682: checking sys/resource.h usability
configure:3682: gcc -c -g -O2 -Wall   conftest.c >&5
configure:3682: $? = 0
configure:3682: result: yes
configure:3682: checking sys/resource.h presence
configure:3682: /usr/bin/cpp  conftest.c
configure:3682: $? = 0
configure:3682: result: yes
configure:3682: checking for sys/resource.h
configure:3682: result: yes
configure:3682: checking for inttypes.h
configure:3682: result: yes
configure:3692: checking whether time.h and sys/time.h may both be included
configure:3712: gcc -c -g -O2 -Wall   conftest.c >&5
configure:3712: $? = 0
configure:3719: result: yes
configure:3729: checking for sys/socket.h
configure:3729: result: yes
configure:3741: checking for net/if.h
configure:3741: gcc -c -g -O2 -Wall   conftest.c >&5
configure:3741: $? = 0
configure:3741: result: yes
configure:3765: checking for __attribute__
configure:3794: gcc -c -g -O2 -Wall   conftest.c >&5
configure:3794: $? = 0
configure:3809: result: yes
configure:3814: checking whether byte ordering is bigendian
configure:3829: gcc -c -g -O2 -Wall   conftest.c >&5
configure:3829: $? = 0
configure:3874: gcc -c -g -O2 -Wall   conftest.c >&5
configure:3874: $? = 0
configure:3892: gcc -c -g -O2 -Wall   conftest.c >&5
conftest.c: In function 'main':
conftest.c:47: error: 'not' undeclared (first use in this function)
conftest.c:47: error: (Each undeclared identifier is reported only once
conftest.c:47: error: for each function it appears in.)
conftest.c:47: error: expected ';' before 'big'
configure:3892: $? = 1
configure: failed program was:
| /* confdefs.h */
| #define PACKAGE_NAME ""
| #define PACKAGE_TARNAME ""
| #define PACKAGE_VERSION ""
| #define PACKAGE_STRING ""
| #define PACKAGE_BUGREPORT ""
| #define PACKAGE_URL ""
| #define STDC_HEADERS 1
| #define HAVE_SYS_TYPES_H 1
| #define HAVE_SYS_STAT_H 1
| #define HAVE_STDLIB_H 1
| #define HAVE_STRING_H 1
| #define HAVE_MEMORY_H 1
| #define HAVE_STRINGS_H 1
| #define HAVE_INTTYPES_H 1
| #define HAVE_STDINT_H 1
| #define HAVE_UNISTD_H 1
| #define HAVE_STRING_H 1
| #define HAVE_GETOPT_H 1
| #define HAVE_STRINGS_H 1
| #define HAVE_SYS_PARAM_H 1
| #define HAVE_SYS_TIME_H 1
| #define HAVE_UNISTD_H 1
| #define HAVE_ERRNO_H 1
| #define HAVE_SYS_TYPES_H 1
| #define HAVE_SYS_SOCKET_H 1
| #define HAVE_NETINET_IN_H 1
| #define HAVE_ARPA_INET_H 1
| #define HAVE_SYS_STAT_H 1
| #define HAVE_NETDB_H 1
| #define HAVE_SYS_WAIT_H 1
| #define HAVE_FCNTL_H 1
| #define HAVE_SYS_RESOURCE_H 1
| #define HAVE_INTTYPES_H 1
| #define TIME_WITH_SYS_TIME 1
| #define HAVE_SYS_SOCKET_H 1
| #define HAVE_NET_IF_H 1
| #define HAVE___ATTRIBUTE__ 1
| /* end confdefs.h.  */
| #include <sys/types.h>
| 		#include <sys/param.h>
| 
| int
| main ()
| {
| #if BYTE_ORDER != BIG_ENDIAN
| 		 not big endian
| 		#endif
| 
|   ;
|   return 0;
| }
configure:4020: result: no
configure:4039: checking for int8_t
configure:4039: gcc -c -g -O2 -Wall   conftest.c >&5
configure:4039: $? = 0
configure:4039: gcc -c -g -O2 -Wall   conftest.c >&5
conftest.c: In function 'main':
conftest.c:78: error: size of array 'test_array' is negative
configure:4039: $? = 1
configure: failed program was:
| /* confdefs.h */
| #define PACKAGE_NAME ""
| #define PACKAGE_TARNAME ""
| #define PACKAGE_VERSION ""
| #define PACKAGE_STRING ""
| #define PACKAGE_BUGREPORT ""
| #define PACKAGE_URL ""
| #define STDC_HEADERS 1
| #define HAVE_SYS_TYPES_H 1
| #define HAVE_SYS_STAT_H 1
| #define HAVE_STDLIB_H 1
| #define HAVE_STRING_H 1
| #define HAVE_MEMORY_H 1
| #define HAVE_STRINGS_H 1
| #define HAVE_INTTYPES_H 1
| #define HAVE_STDINT_H 1
| #define HAVE_UNISTD_H 1
| #define HAVE_STRING_H 1
| #define HAVE_GETOPT_H 1
| #define HAVE_STRINGS_H 1
| #define HAVE_SYS_PARAM_H 1
| #define HAVE_SYS_TIME_H 1
| #define HAVE_UNISTD_H 1
| #define HAVE_ERRNO_H 1
| #define HAVE_SYS_TYPES_H 1
| #define HAVE_SYS_SOCKET_H 1
| #define HAVE_NETINET_IN_H 1
| #define HAVE_ARPA_INET_H 1
| #define HAVE_SYS_STAT_H 1
| #define HAVE_NETDB_H 1
| #define HAVE_SYS_WAIT_H 1
| #define HAVE_FCNTL_H 1
| #define HAVE_SYS_RESOURCE_H 1
| #define HAVE_INTTYPES_H 1
| #define TIME_WITH_SYS_TIME 1
| #define HAVE_SYS_SOCKET_H 1
| #define HAVE_NET_IF_H 1
| #define HAVE___ATTRIBUTE__ 1
| /* end confdefs.h.  */
| #include <stdio.h>
| #ifdef HAVE_SYS_TYPES_H
| # include <sys/types.h>
| #endif
| #ifdef HAVE_SYS_STAT_H
| # include <sys/stat.h>
| #endif
| #ifdef STDC_HEADERS
| # include <stdlib.h>
| # include <stddef.h>
| #else
| # ifdef HAVE_STDLIB_H
| #  include <stdlib.h>
| # endif
| #endif
| #ifdef HAVE_STRING_H
| # if !defined STDC_HEADERS && defined HAVE_MEMORY_H
| #  include <memory.h>
| # endif
| # include <string.h>
| #endif
| #ifdef HAVE_STRINGS_H
| # include <strings.h>
| #endif
| #ifdef HAVE_INTTYPES_H
| # include <inttypes.h>
| #endif
| #ifdef HAVE_STDINT_H
| # include <stdint.h>
| #endif
| #ifdef HAVE_UNISTD_H
| # include <unistd.h>
| #endif
| 	        enum { N = 8 / 2 - 1 };
| int
| main ()
| {
| static int test_array [1 - 2 * !((int8_t) (((((int8_t) 1 << N) << N) - 1) * 2 + 1)
| 		 < (int8_t) (((((int8_t) 1 << N) << N) - 1) * 2 + 2))];
| test_array [0] = 0
| 
|   ;
|   return 0;
| }
configure:4039: result: yes
configure:4050: checking for int16_t
configure:4050: gcc -c -g -O2 -Wall   conftest.c >&5
configure:4050: $? = 0
configure:4050: gcc -c -g -O2 -Wall   conftest.c >&5
conftest.c: In function 'main':
conftest.c:78: error: size of array 'test_array' is negative
configure:4050: $? = 1
configure: failed program was:
| /* confdefs.h */
| #define PACKAGE_NAME ""
| #define PACKAGE_TARNAME ""
| #define PACKAGE_VERSION ""
| #define PACKAGE_STRING ""
| #define PACKAGE_BUGREPORT ""
| #define PACKAGE_URL ""
| #define STDC_HEADERS 1
| #define HAVE_SYS_TYPES_H 1
| #define HAVE_SYS_STAT_H 1
| #define HAVE_STDLIB_H 1
| #define HAVE_STRING_H 1
| #define HAVE_MEMORY_H 1
| #define HAVE_STRINGS_H 1
| #define HAVE_INTTYPES_H 1
| #define HAVE_STDINT_H 1
| #define HAVE_UNISTD_H 1
| #define HAVE_STRING_H 1
| #define HAVE_GETOPT_H 1
| #define HAVE_STRINGS_H 1
| #define HAVE_SYS_PARAM_H 1
| #define HAVE_SYS_TIME_H 1
| #define HAVE_UNISTD_H 1
| #define HAVE_ERRNO_H 1
| #define HAVE_SYS_TYPES_H 1
| #define HAVE_SYS_SOCKET_H 1
| #define HAVE_NETINET_IN_H 1
| #define HAVE_ARPA_INET_H 1
| #define HAVE_SYS_STAT_H 1
| #define HAVE_NETDB_H 1
| #define HAVE_SYS_WAIT_H 1
| #define HAVE_FCNTL_H 1
| #define HAVE_SYS_RESOURCE_H 1
| #define HAVE_INTTYPES_H 1
| #define TIME_WITH_SYS_TIME 1
| #define HAVE_SYS_SOCKET_H 1
| #define HAVE_NET_IF_H 1
| #define HAVE___ATTRIBUTE__ 1
| /* end confdefs.h.  */
| #include <stdio.h>
| #ifdef HAVE_SYS_TYPES_H
| # include <sys/types.h>
| #endif
| #ifdef HAVE_SYS_STAT_H
| # include <sys/stat.h>
| #endif
| #ifdef STDC_HEADERS
| # include <stdlib.h>
| # include <stddef.h>
| #else
| # ifdef HAVE_STDLIB_H
| #  include <stdlib.h>
| # endif
| #endif
| #ifdef HAVE_STRING_H
| # if !defined STDC_HEADERS && defined HAVE_MEMORY_H
| #  include <memory.h>
| # endif
| # include <string.h>
| #endif
| #ifdef HAVE_STRINGS_H
| # include <strings.h>
| #endif
| #ifdef HAVE_INTTYPES_H
| # include <inttypes.h>
| #endif
| #ifdef HAVE_STDINT_H
| # include <stdint.h>
| #endif
| #ifdef HAVE_UNISTD_H
| # include <unistd.h>
| #endif
| 	        enum { N = 16 / 2 - 1 };
| int
| main ()
| {
| static int test_array [1 - 2 * !((int16_t) (((((int16_t) 1 << N) << N) - 1) * 2 + 1)
| 		 < (int16_t) (((((int16_t) 1 << N) << N) - 1) * 2 + 2))];
| test_array [0] = 0
| 
|   ;
|   return 0;
| }
configure:4050: result: yes
configure:4061: checking for int32_t
configure:4061: gcc -c -g -O2 -Wall   conftest.c >&5
configure:4061: $? = 0
configure:4061: gcc -c -g -O2 -Wall   conftest.c >&5
conftest.c: In function 'main':
conftest.c:78: warning: integer overflow in expression
conftest.c:78: error: size of array 'test_array' is negative
configure:4061: $? = 1
configure: failed program was:
| /* confdefs.h */
| #define PACKAGE_NAME ""
| #define PACKAGE_TARNAME ""
| #define PACKAGE_VERSION ""
| #define PACKAGE_STRING ""
| #define PACKAGE_BUGREPORT ""
| #define PACKAGE_URL ""
| #define STDC_HEADERS 1
| #define HAVE_SYS_TYPES_H 1
| #define HAVE_SYS_STAT_H 1
| #define HAVE_STDLIB_H 1
| #define HAVE_STRING_H 1
| #define HAVE_MEMORY_H 1
| #define HAVE_STRINGS_H 1
| #define HAVE_INTTYPES_H 1
| #define HAVE_STDINT_H 1
| #define HAVE_UNISTD_H 1
| #define HAVE_STRING_H 1
| #define HAVE_GETOPT_H 1
| #define HAVE_STRINGS_H 1
| #define HAVE_SYS_PARAM_H 1
| #define HAVE_SYS_TIME_H 1
| #define HAVE_UNISTD_H 1
| #define HAVE_ERRNO_H 1
| #define HAVE_SYS_TYPES_H 1
| #define HAVE_SYS_SOCKET_H 1
| #define HAVE_NETINET_IN_H 1
| #define HAVE_ARPA_INET_H 1
| #define HAVE_SYS_STAT_H 1
| #define HAVE_NETDB_H 1
| #define HAVE_SYS_WAIT_H 1
| #define HAVE_FCNTL_H 1
| #define HAVE_SYS_RESOURCE_H 1
| #define HAVE_INTTYPES_H 1
| #define TIME_WITH_SYS_TIME 1
| #define HAVE_SYS_SOCKET_H 1
| #define HAVE_NET_IF_H 1
| #define HAVE___ATTRIBUTE__ 1
| /* end confdefs.h.  */
| #include <stdio.h>
| #ifdef HAVE_SYS_TYPES_H
| # include <sys/types.h>
| #endif
| #ifdef HAVE_SYS_STAT_H
| # include <sys/stat.h>
| #endif
| #ifdef STDC_HEADERS
| # include <stdlib.h>
| # include <stddef.h>
| #else
| # ifdef HAVE_STDLIB_H
| #  include <stdlib.h>
| # endif
| #endif
| #ifdef HAVE_STRING_H
| # if !defined STDC_HEADERS && defined HAVE_MEMORY_H
| #  include <memory.h>
| # endif
| # include <string.h>
| #endif
| #ifdef HAVE_STRINGS_H
| # include <strings.h>
| #endif
| #ifdef HAVE_INTTYPES_H
| # include <inttypes.h>
| #endif
| #ifdef HAVE_STDINT_H
| # include <stdint.h>
| #endif
| #ifdef HAVE_UNISTD_H
| # include <unistd.h>
| #endif
| 	        enum { N = 32 / 2 - 1 };
| int
| main ()
| {
| static int test_array [1 - 2 * !((int32_t) (((((int32_t) 1 << N) << N) - 1) * 2 + 1)
| 		 < (int32_t) (((((int32_t) 1 << N) << N) - 1) * 2 + 2))];
| test_array [0] = 0
| 
|   ;
|   return 0;
| }
configure:4061: result: yes
configure:4072: checking for int64_t
configure:4072: gcc -c -g -O2 -Wall   conftest.c >&5
configure:4072: $? = 0
configure:4072: gcc -c -g -O2 -Wall   conftest.c >&5
conftest.c: In function 'main':
conftest.c:78: warning: integer overflow in expression
conftest.c:78: error: size of array 'test_array' is negative
configure:4072: $? = 1
configure: failed program was:
| /* confdefs.h */
| #define PACKAGE_NAME ""
| #define PACKAGE_TARNAME ""
| #define PACKAGE_VERSION ""
| #define PACKAGE_STRING ""
| #define PACKAGE_BUGREPORT ""
| #define PACKAGE_URL ""
| #define STDC_HEADERS 1
| #define HAVE_SYS_TYPES_H 1
| #define HAVE_SYS_STAT_H 1
| #define HAVE_STDLIB_H 1
| #define HAVE_STRING_H 1
| #define HAVE_MEMORY_H 1
| #define HAVE_STRINGS_H 1
| #define HAVE_INTTYPES_H 1
| #define HAVE_STDINT_H 1
| #define HAVE_UNISTD_H 1
| #define HAVE_STRING_H 1
| #define HAVE_GETOPT_H 1
| #define HAVE_STRINGS_H 1
| #define HAVE_SYS_PARAM_H 1
| #define HAVE_SYS_TIME_H 1
| #define HAVE_UNISTD_H 1
| #define HAVE_ERRNO_H 1
| #define HAVE_SYS_TYPES_H 1
| #define HAVE_SYS_SOCKET_H 1
| #define HAVE_NETINET_IN_H 1
| #define HAVE_ARPA_INET_H 1
| #define HAVE_SYS_STAT_H 1
| #define HAVE_NETDB_H 1
| #define HAVE_SYS_WAIT_H 1
| #define HAVE_FCNTL_H 1
| #define HAVE_SYS_RESOURCE_H 1
| #define HAVE_INTTYPES_H 1
| #define TIME_WITH_SYS_TIME 1
| #define HAVE_SYS_SOCKET_H 1
| #define HAVE_NET_IF_H 1
| #define HAVE___ATTRIBUTE__ 1
| /* end confdefs.h.  */
| #include <stdio.h>
| #ifdef HAVE_SYS_TYPES_H
| # include <sys/types.h>
| #endif
| #ifdef HAVE_SYS_STAT_H
| # include <sys/stat.h>
| #endif
| #ifdef STDC_HEADERS
| # include <stdlib.h>
| # include <stddef.h>
| #else
| # ifdef HAVE_STDLIB_H
| #  include <stdlib.h>
| # endif
| #endif
| #ifdef HAVE_STRING_H
| # if !defined STDC_HEADERS && defined HAVE_MEMORY_H
| #  include <memory.h>
| # endif
| # include <string.h>
| #endif
| #ifdef HAVE_STRINGS_H
| # include <strings.h>
| #endif
| #ifdef HAVE_INTTYPES_H
| # include <inttypes.h>
| #endif
| #ifdef HAVE_STDINT_H
| # include <stdint.h>
| #endif
| #ifdef HAVE_UNISTD_H
| # include <unistd.h>
| #endif
| 	        enum { N = 64 / 2 - 1 };
| int
| main ()
| {
| static int test_array [1 - 2 * !((int64_t) (((((int64_t) 1 << N) << N) - 1) * 2 + 1)
| 		 < (int64_t) (((((int64_t) 1 << N) << N) - 1) * 2 + 2))];
| test_array [0] = 0
| 
|   ;
|   return 0;
| }
configure:4072: result: yes
configure:4083: checking for uint8_t
configure:4083: gcc -c -g -O2 -Wall   conftest.c >&5
configure:4083: $? = 0
configure:4083: result: yes
configure:4097: checking for uint16_t
configure:4097: gcc -c -g -O2 -Wall   conftest.c >&5
configure:4097: $? = 0
configure:4097: result: yes
configure:4109: checking for uint32_t
configure:4109: gcc -c -g -O2 -Wall   conftest.c >&5
configure:4109: $? = 0
configure:4109: result: yes
configure:4123: checking for uint64_t
configure:4123: gcc -c -g -O2 -Wall   conftest.c >&5
configure:4123: $? = 0
configure:4123: result: yes
configure:4141: checking for snprintf
configure:4141: gcc -o conftest -g -O2 -Wall    conftest.c  >&5
conftest.c:63: warning: conflicting types for built-in function 'snprintf'
configure:4141: $? = 0
configure:4141: result: yes
configure:4141: checking for vsnprintf
configure:4141: gcc -o conftest -g -O2 -Wall    conftest.c  >&5
conftest.c:64: warning: conflicting types for built-in function 'vsnprintf'
configure:4141: $? = 0
configure:4141: result: yes
configure:4141: checking for nanosleep
configure:4141: gcc -o conftest -g -O2 -Wall    conftest.c  >&5
configure:4141: $? = 0
configure:4141: result: yes
configure:4141: checking for strerror
configure:4141: gcc -o conftest -g -O2 -Wall    conftest.c  >&5
configure:4141: $? = 0
configure:4141: result: yes
configure:4141: checking for strcasestr
configure:4141: gcc -o conftest -g -O2 -Wall    conftest.c  >&5
configure:4141: $? = 0
configure:4141: result: yes
configure:4141: checking for strcasecmp
configure:4141: gcc -o conftest -g -O2 -Wall    conftest.c  >&5
conftest.c:68: warning: conflicting types for built-in function 'strcasecmp'
configure:4141: $? = 0
configure:4141: result: yes
configure:4141: checking for strncasecmp
configure:4141: gcc -o conftest -g -O2 -Wall    conftest.c  >&5
conftest.c:69: warning: conflicting types for built-in function 'strncasecmp'
configure:4141: $? = 0
configure:4141: result: yes
configure:4141: checking for signal
configure:4141: gcc -o conftest -g -O2 -Wall    conftest.c  >&5
configure:4141: $? = 0
configure:4141: result: yes
configure:4155: checking for vsnprintf
configure:4155: result: yes
configure:4155: checking for snprintf
configure:4155: result: yes
configure:4155: checking for asprintf
configure:4155: gcc -o conftest -g -O2 -Wall    conftest.c  >&5
configure:4155: $? = 0
configure:4155: result: yes
configure:4155: checking for asnprintf
configure:4155: gcc -o conftest -g -O2 -Wall    conftest.c  >&5
Undefined symbols for architecture x86_64:
  "_asnprintf", referenced from:
      _main in cc1A7TLP.o
ld: symbol(s) not found for architecture x86_64
collect2: ld returned 1 exit status
configure:4155: $? = 1
configure: failed program was:
| /* confdefs.h */
| #define PACKAGE_NAME ""
| #define PACKAGE_TARNAME ""
| #define PACKAGE_VERSION ""
| #define PACKAGE_STRING ""
| #define PACKAGE_BUGREPORT ""
| #define PACKAGE_URL ""
| #define STDC_HEADERS 1
| #define HAVE_SYS_TYPES_H 1
| #define HAVE_SYS_STAT_H 1
| #define HAVE_STDLIB_H 1
| #define HAVE_STRING_H 1
| #define HAVE_MEMORY_H 1
| #define HAVE_STRINGS_H 1
| #define HAVE_INTTYPES_H 1
| #define HAVE_STDINT_H 1
| #define HAVE_UNISTD_H 1
| #define HAVE_STRING_H 1
| #define HAVE_GETOPT_H 1
| #define HAVE_STRINGS_H 1
| #define HAVE_SYS_PARAM_H 1
| #define HAVE_SYS_TIME_H 1
| #define HAVE_UNISTD_H 1
| #define HAVE_ERRNO_H 1
| #define HAVE_SYS_TYPES_H 1
| #define HAVE_SYS_SOCKET_H 1
| #define HAVE_NETINET_IN_H 1
| #define HAVE_ARPA_INET_H 1
| #define HAVE_SYS_STAT_H 1
| #define HAVE_NETDB_H 1
| #define HAVE_SYS_WAIT_H 1
| #define HAVE_FCNTL_H 1
| #define HAVE_SYS_RESOURCE_H 1
| #define HAVE_INTTYPES_H 1
| #define TIME_WITH_SYS_TIME 1
| #define HAVE_SYS_SOCKET_H 1
| #define HAVE_NET_IF_H 1
| #define HAVE___ATTRIBUTE__ 1
| #define HAVE_SNPRINTF 1
| #define HAVE_VSNPRINTF 1
| #define HAVE_NANOSLEEP 1
| #define HAVE_STRERROR 1
| #define HAVE_STRCASESTR 1
| #define HAVE_STRCASECMP 1
| #define HAVE_STRNCASECMP 1
| #define HAVE_SIGNAL 1
| #define HAVE_VSNPRINTF 1
| #define HAVE_SNPRINTF 1
| #define HAVE_ASPRINTF 1
| /* end confdefs.h.  */
| /* Define asnprintf to an innocuous variant, in case <limits.h> declares asnprintf.
|    For example, HP-UX 11i <limits.h> declares gettimeofday.  */
| #define asnprintf innocuous_asnprintf
| 
| /* System header to define __stub macros and hopefully few prototypes,
|     which can conflict with char asnprintf (); below.
|     Prefer <limits.h> to <assert.h> if __STDC__ is defined, since
|     <limits.h> exists even on freestanding compilers.  */
| 
| #ifdef __STDC__
| # include <limits.h>
| #else
| # include <assert.h>
| #endif
| 
| #undef asnprintf
| 
| /* Override any GCC internal prototype to avoid an error.
|    Use char because int might match the return type of a GCC
|    builtin and then its argument prototype would still apply.  */
| #ifdef __cplusplus
| extern "C"
| #endif
| char asnprintf ();
| /* The GNU C library defines this for functions which it implements
|     to always fail with ENOSYS.  Some functions are actually named
|     something starting with __ and the normal name is an alias.  */
| #if defined __stub_asnprintf || defined __stub___asnprintf
| choke me
| #endif
| 
| int
| main ()
| {
| return asnprintf ();
|   ;
|   return 0;
| }
configure:4155: result: no
configure:4155: checking for vasprintf
configure:4155: gcc -o conftest -g -O2 -Wall    conftest.c  >&5
configure:4155: $? = 0
configure:4155: result: yes
configure:4155: checking for vasnprintf
configure:4155: gcc -o conftest -g -O2 -Wall    conftest.c  >&5
Undefined symbols for architecture x86_64:
  "_vasnprintf", referenced from:
      _main in cceAFVZX.o
ld: symbol(s) not found for architecture x86_64
collect2: ld returned 1 exit status
configure:4155: $? = 1
configure: failed program was:
| /* confdefs.h */
| #define PACKAGE_NAME ""
| #define PACKAGE_TARNAME ""
| #define PACKAGE_VERSION ""
| #define PACKAGE_STRING ""
| #define PACKAGE_BUGREPORT ""
| #define PACKAGE_URL ""
| #define STDC_HEADERS 1
| #define HAVE_SYS_TYPES_H 1
| #define HAVE_SYS_STAT_H 1
| #define HAVE_STDLIB_H 1
| #define HAVE_STRING_H 1
| #define HAVE_MEMORY_H 1
| #define HAVE_STRINGS_H 1
| #define HAVE_INTTYPES_H 1
| #define HAVE_STDINT_H 1
| #define HAVE_UNISTD_H 1
| #define HAVE_STRING_H 1
| #define HAVE_GETOPT_H 1
| #define HAVE_STRINGS_H 1
| #define HAVE_SYS_PARAM_H 1
| #define HAVE_SYS_TIME_H 1
| #define HAVE_UNISTD_H 1
| #define HAVE_ERRNO_H 1
| #define HAVE_SYS_TYPES_H 1
| #define HAVE_SYS_SOCKET_H 1
| #define HAVE_NETINET_IN_H 1
| #define HAVE_ARPA_INET_H 1
| #define HAVE_SYS_STAT_H 1
| #define HAVE_NETDB_H 1
| #define HAVE_SYS_WAIT_H 1
| #define HAVE_FCNTL_H 1
| #define HAVE_SYS_RESOURCE_H 1
| #define HAVE_INTTYPES_H 1
| #define TIME_WITH_SYS_TIME 1
| #define HAVE_SYS_SOCKET_H 1
| #define HAVE_NET_IF_H 1
| #define HAVE___ATTRIBUTE__ 1
| #define HAVE_SNPRINTF 1
| #define HAVE_VSNPRINTF 1
| #define HAVE_NANOSLEEP 1
| #define HAVE_STRERROR 1
| #define HAVE_STRCASESTR 1
| #define HAVE_STRCASECMP 1
| #define HAVE_STRNCASECMP 1
| #define HAVE_SIGNAL 1
| #define HAVE_VSNPRINTF 1
| #define HAVE_SNPRINTF 1
| #define HAVE_ASPRINTF 1
| #define HAVE_VASPRINTF 1
| /* end confdefs.h.  */
| /* Define vasnprintf to an innocuous variant, in case <limits.h> declares vasnprintf.
|    For example, HP-UX 11i <limits.h> declares gettimeofday.  */
| #define vasnprintf innocuous_vasnprintf
| 
| /* System header to define __stub macros and hopefully few prototypes,
|     which can conflict with char vasnprintf (); below.
|     Prefer <limits.h> to <assert.h> if __STDC__ is defined, since
|     <limits.h> exists even on freestanding compilers.  */
| 
| #ifdef __STDC__
| # include <limits.h>
| #else
| # include <assert.h>
| #endif
| 
| #undef vasnprintf
| 
| /* Override any GCC internal prototype to avoid an error.
|    Use char because int might match the return type of a GCC
|    builtin and then its argument prototype would still apply.  */
| #ifdef __cplusplus
| extern "C"
| #endif
| char vasnprintf ();
| /* The GNU C library defines this for functions which it implements
|     to always fail with ENOSYS.  Some functions are actually named
|     something starting with __ and the normal name is an alias.  */
| #if defined __stub_vasnprintf || defined __stub___vasnprintf
| choke me
| #endif
| 
| int
| main ()
| {
| return vasnprintf ();
|   ;
|   return 0;
| }
configure:4155: result: no
configure:4178: checking for getopt
configure:4178: gcc -o conftest -g -O2 -Wall    conftest.c  >&5
configure:4178: $? = 0
configure:4178: result: yes
configure:4178: checking for getopt_long_only
configure:4178: gcc -o conftest -g -O2 -Wall    conftest.c  >&5
configure:4178: $? = 0
configure:4178: result: yes
configure:4191: checking for usleep
configure:4191: gcc -o conftest -g -O2 -Wall    conftest.c  >&5
configure:4191: $? = 0
configure:4191: result: yes
configure:4191: checking for gettimeofday
configure:4191: gcc -o conftest -g -O2 -Wall    conftest.c  >&5
configure:4191: $? = 0
configure:4191: result: yes
configure:4191: checking for sleep
configure:4191: gcc -o conftest -g -O2 -Wall    conftest.c  >&5
configure:4191: $? = 0
configure:4191: result: yes
configure:4208: checking for getopt_long_only
configure:4208: result: yes
configure:4224: checking for strcasecmp
configure:4224: result: yes
configure:4224: checking for strncasecmp
configure:4224: result: yes
configure:4278: checking for library containing getaddrinfo
configure:4309: gcc -o conftest -g -O2 -Wall    conftest.c  >&5
configure:4309: $? = 0
configure:4326: result: none required
configure:4334: checking for library containing gai_strerror
configure:4365: gcc -o conftest -g -O2 -Wall    conftest.c  >&5
configure:4365: $? = 0
configure:4382: result: none required
configure:4390: checking for library containing getnameinfo
configure:4421: gcc -o conftest -g -O2 -Wall    conftest.c  >&5
configure:4421: $? = 0
configure:4438: result: none required
configure:4448: checking for gai_strerror
configure:4448: gcc -o conftest -g -O2 -Wall    conftest.c  >&5
configure:4448: $? = 0
configure:4448: result: yes
configure:4457: checking for inet_ntop
configure:4457: gcc -o conftest -g -O2 -Wall    conftest.c  >&5
configure:4457: $? = 0
configure:4457: result: yes
configure:4470: checking for inet_pton
configure:4470: gcc -o conftest -g -O2 -Wall    conftest.c  >&5
configure:4470: $? = 0
configure:4470: result: yes
configure:4485: checking for working getaddrinfo
configure:4530: gcc -o conftest -g -O2 -Wall    conftest.c  >&5
conftest.c:76: warning: return type of 'main' is not 'int'
conftest.c: In function 'main':
conftest.c:85: warning: implicit declaration of function 'exit'
conftest.c:85: warning: incompatible implicit declaration of built-in function 'exit'
conftest.c:88: warning: incompatible implicit declaration of built-in function 'exit'
conftest.c:90: warning: incompatible implicit declaration of built-in function 'exit'
configure:4530: $? = 0
configure:4530: ./conftest
configure:4530: $? = 0
configure:4544: result: yes
configure:4557: checking for library containing inet_addr
configure:4588: gcc -o conftest -g -O2 -Wall    conftest.c  >&5
configure:4588: $? = 0
configure:4605: result: none required
configure:4614: checking for working getnameinfo
configure:4667: gcc -o conftest -g -O2 -Wall    conftest.c  >&5
conftest.c:80: warning: return type of 'main' is not 'int'
conftest.c: In function 'main':
conftest.c:87: warning: implicit declaration of function 'inet_addr'
conftest.c:96: warning: implicit declaration of function 'exit'
conftest.c:96: warning: incompatible implicit declaration of built-in function 'exit'
conftest.c:98: warning: incompatible implicit declaration of built-in function 'exit'
configure:4667: $? = 0
configure:4667: ./conftest
configure:4667: $? = 0
configure:4681: result: yes
configure:4690: checking for sockaddr_in6
configure:4716: gcc -c -g -O2 -Wall   conftest.c >&5
conftest.c: In function 'main':
conftest.c:76: warning: unused variable 'sa'
configure:4716: $? = 0
configure:4728: result: yes
configure:4740: checking for sockaddr_storage
configure:4769: gcc -c -g -O2 -Wall   conftest.c >&5
conftest.c: In function 'main':
conftest.c:80: warning: unused variable 'sa'
configure:4769: $? = 0
configure:4781: result: yes
configure:4793: checking for AF_INET6 definition
configure:4822: gcc -c -g -O2 -Wall   conftest.c >&5
conftest.c: In function 'main':
conftest.c:81: warning: unused variable 'af'
configure:4822: $? = 0
configure:4834: result: yes
configure:4846: checking for IPv6 support
configure:4857: result: yes
configure:4920: checking openssl/ssl.h usability
configure:4920: gcc -c -g -O2 -Wall   conftest.c >&5
configure:4920: $? = 0
configure:4920: result: yes
configure:4920: checking openssl/ssl.h presence
configure:4920: /usr/bin/cpp  conftest.c
In file included from /usr/include/stdio.h:500,
                 from /usr/include/openssl/crypto.h:128,
                 from /usr/include/openssl/comp.h:8,
                 from /usr/include/openssl/ssl.h:179,
                 from conftest.c:69:
/usr/include/secure/_stdio.h:49: error: syntax error in macro parameter list
/usr/include/secure/_stdio.h:57: error: syntax error in macro parameter list
configure:4920: $? = 1
configure: failed program was:
| /* confdefs.h */
| #define PACKAGE_NAME ""
| #define PACKAGE_TARNAME ""
| #define PACKAGE_VERSION ""
| #define PACKAGE_STRING ""
| #define PACKAGE_BUGREPORT ""
| #define PACKAGE_URL ""
| #define STDC_HEADERS 1
| #define HAVE_SYS_TYPES_H 1
| #define HAVE_SYS_STAT_H 1
| #define HAVE_STDLIB_H 1
| #define HAVE_STRING_H 1
| #define HAVE_MEMORY_H 1
| #define HAVE_STRINGS_H 1
| #define HAVE_INTTYPES_H 1
| #define HAVE_STDINT_H 1
| #define HAVE_UNISTD_H 1
| #define HAVE_STRING_H 1
| #define HAVE_GETOPT_H 1
| #define HAVE_STRINGS_H 1
| #define HAVE_SYS_PARAM_H 1
| #define HAVE_SYS_TIME_H 1
| #define HAVE_UNISTD_H 1
| #define HAVE_ERRNO_H 1
| #define HAVE_SYS_TYPES_H 1
| #define HAVE_SYS_SOCKET_H 1
| #define HAVE_NETINET_IN_H 1
| #define HAVE_ARPA_INET_H 1
| #define HAVE_SYS_STAT_H 1
| #define HAVE_NETDB_H 1
| #define HAVE_SYS_WAIT_H 1
| #define HAVE_FCNTL_H 1
| #define HAVE_SYS_RESOURCE_H 1
| #define HAVE_INTTYPES_H 1
| #define TIME_WITH_SYS_TIME 1
| #define HAVE_SYS_SOCKET_H 1
| #define HAVE_NET_IF_H 1
| #define HAVE___ATTRIBUTE__ 1
| #define HAVE_SNPRINTF 1
| #define HAVE_VSNPRINTF 1
| #define HAVE_NANOSLEEP 1
| #define HAVE_STRERROR 1
| #define HAVE_STRCASESTR 1
| #define HAVE_STRCASECMP 1
| #define HAVE_STRNCASECMP 1
| #define HAVE_SIGNAL 1
| #define HAVE_VSNPRINTF 1
| #define HAVE_SNPRINTF 1
| #define HAVE_ASPRINTF 1
| #define HAVE_VASPRINTF 1
| #define HAVE_GETOPT 1
| #define HAVE_GETOPT_LONG_ONLY 1
| #define HAVE_USLEEP 1
| #define HAVE_GETTIMEOFDAY 1
| #define HAVE_SLEEP 1
| #define HAVE_STRCASECMP 1
| #define HAVE_STRNCASECMP 1
| #define HAVE_GAI_STRERROR 1
| #define HAVE_INET_NTOP 1
| #define HAVE_INET_PTON 1
| #define HAVE_GETADDRINFO 1
| #define HAVE_GETNAMEINFO 1
| #define HAVE_SOCKADDR_IN6 1
| #define HAVE_SOCKADDR_STORAGE 1
| #define HAVE_AF_INET6 1
| #define HAVE_IPV6 1
| /* end confdefs.h.  */
| #include <openssl/ssl.h>
configure:4920: result: no
configure:4920: WARNING: openssl/ssl.h: accepted by the compiler, rejected by the preprocessor!
configure:4920: WARNING: openssl/ssl.h: proceeding with the compiler's result
configure:4920: checking for openssl/ssl.h
configure:4920: result: yes
configure:4934: checking openssl/err.h usability
configure:4934: gcc -c -g -O2 -Wall   conftest.c >&5
configure:4934: $? = 0
configure:4934: result: yes
configure:4934: checking openssl/err.h presence
configure:4934: /usr/bin/cpp  conftest.c
In file included from /usr/include/stdio.h:500,
                 from /usr/include/openssl/err.h:68,
                 from conftest.c:69:
/usr/include/secure/_stdio.h:49: error: syntax error in macro parameter list
/usr/include/secure/_stdio.h:57: error: syntax error in macro parameter list
configure:4934: $? = 1
configure: failed program was:
| /* confdefs.h */
| #define PACKAGE_NAME ""
| #define PACKAGE_TARNAME ""
| #define PACKAGE_VERSION ""
| #define PACKAGE_STRING ""
| #define PACKAGE_BUGREPORT ""
| #define PACKAGE_URL ""
| #define STDC_HEADERS 1
| #define HAVE_SYS_TYPES_H 1
| #define HAVE_SYS_STAT_H 1
| #define HAVE_STDLIB_H 1
| #define HAVE_STRING_H 1
| #define HAVE_MEMORY_H 1
| #define HAVE_STRINGS_H 1
| #define HAVE_INTTYPES_H 1
| #define HAVE_STDINT_H 1
| #define HAVE_UNISTD_H 1
| #define HAVE_STRING_H 1
| #define HAVE_GETOPT_H 1
| #define HAVE_STRINGS_H 1
| #define HAVE_SYS_PARAM_H 1
| #define HAVE_SYS_TIME_H 1
| #define HAVE_UNISTD_H 1
| #define HAVE_ERRNO_H 1
| #define HAVE_SYS_TYPES_H 1
| #define HAVE_SYS_SOCKET_H 1
| #define HAVE_NETINET_IN_H 1
| #define HAVE_ARPA_INET_H 1
| #define HAVE_SYS_STAT_H 1
| #define HAVE_NETDB_H 1
| #define HAVE_SYS_WAIT_H 1
| #define HAVE_FCNTL_H 1
| #define HAVE_SYS_RESOURCE_H 1
| #define HAVE_INTTYPES_H 1
| #define TIME_WITH_SYS_TIME 1
| #define HAVE_SYS_SOCKET_H 1
| #define HAVE_NET_IF_H 1
| #define HAVE___ATTRIBUTE__ 1
| #define HAVE_SNPRINTF 1
| #define HAVE_VSNPRINTF 1
| #define HAVE_NANOSLEEP 1
| #define HAVE_STRERROR 1
| #define HAVE_STRCASESTR 1
| #define HAVE_STRCASECMP 1
| #define HAVE_STRNCASECMP 1
| #define HAVE_SIGNAL 1
| #define HAVE_VSNPRINTF 1
| #define HAVE_SNPRINTF 1
| #define HAVE_ASPRINTF 1
| #define HAVE_VASPRINTF 1
| #define HAVE_GETOPT 1
| #define HAVE_GETOPT_LONG_ONLY 1
| #define HAVE_USLEEP 1
| #define HAVE_GETTIMEOFDAY 1
| #define HAVE_SLEEP 1
| #define HAVE_STRCASECMP 1
| #define HAVE_STRNCASECMP 1
| #define HAVE_GAI_STRERROR 1
| #define HAVE_INET_NTOP 1
| #define HAVE_INET_PTON 1
| #define HAVE_GETADDRINFO 1
| #define HAVE_GETNAMEINFO 1
| #define HAVE_SOCKADDR_IN6 1
| #define HAVE_SOCKADDR_STORAGE 1
| #define HAVE_AF_INET6 1
| #define HAVE_IPV6 1
| /* end confdefs.h.  */
| #include <openssl/err.h>
configure:4934: result: no
configure:4934: WARNING: openssl/err.h: accepted by the compiler, rejected by the preprocessor!
configure:4934: WARNING: openssl/err.h: proceeding with the compiler's result
configure:4934: checking for openssl/err.h
configure:4934: result: yes
configure:4949: checking openssl/rand.h usability
configure:4949: gcc -c -g -O2 -Wall   conftest.c >&5
configure:4949: $? = 0
configure:4949: result: yes
configure:4949: checking openssl/rand.h presence
configure:4949: /usr/bin/cpp  conftest.c
configure:4949: $? = 0
configure:4949: result: yes
configure:4949: checking for openssl/rand.h
configure:4949: result: yes
configure:4964: checking for BIO_int_ctrl in -lcrypto
configure:4989: gcc -o conftest -g -O2 -Wall    conftest.c -lcrypto   >&5
configure:4989: $? = 0
configure:4998: result: yes
configure:5016: checking for SSL_new in -lssl
configure:5041: gcc -o conftest -g -O2 -Wall    conftest.c -lssl  -lcrypto  >&5
configure:5041: $? = 0
configure:5050: result: yes
configure:5182: creating ./config.status

## ---------------------- ##
## Running config.status. ##
## ---------------------- ##

This file was extended by config.status, which was
generated by GNU Autoconf 2.66.  Invocation command line was

  CONFIG_FILES    = 
  CONFIG_HEADERS  = 
  CONFIG_LINKS    = 
  CONFIG_COMMANDS = 
  $ ./config.status 

on nuno.intern.nullstars.com

config.status:863: creating Makefile
config.status:962: WARNING:  'Makefile.in' seems to ignore the --datarootdir setting
config.status:863: creating nbase_config.h

## ---------------- ##
## Cache variables. ##
## ---------------- ##

ac_cv___attribute__=yes
ac_cv_build=x86_64-apple-darwin11.2.0
ac_cv_c_bigendian=no
ac_cv_c_compiler_gnu=yes
ac_cv_c_inline=inline
ac_cv_c_int16_t=yes
ac_cv_c_int32_t=yes
ac_cv_c_int64_t=yes
ac_cv_c_int8_t=yes
ac_cv_c_uint16_t=yes
ac_cv_c_uint32_t=yes
ac_cv_c_uint64_t=yes
ac_cv_c_uint8_t=yes
ac_cv_define_af_inet6=yes
ac_cv_define_sockaddr_in6=yes
ac_cv_define_sockaddr_storage=yes
ac_cv_env_CC_set=
ac_cv_env_CC_value=
ac_cv_env_CFLAGS_set=
ac_cv_env_CFLAGS_value=
ac_cv_env_CPPFLAGS_set=
ac_cv_env_CPPFLAGS_value=
ac_cv_env_CPP_set=set
ac_cv_env_CPP_value=/usr/bin/cpp
ac_cv_env_LDFLAGS_set=
ac_cv_env_LDFLAGS_value=
ac_cv_env_LIBS_set=
ac_cv_env_LIBS_value=
ac_cv_env_build_alias_set=
ac_cv_env_build_alias_value=
ac_cv_env_host_alias_set=
ac_cv_env_host_alias_value=
ac_cv_env_target_alias_set=
ac_cv_env_target_alias_value=
ac_cv_func_asnprintf=no
ac_cv_func_asprintf=yes
ac_cv_func_gai_strerror=yes
ac_cv_func_getopt=yes
ac_cv_func_getopt_long_only=yes
ac_cv_func_gettimeofday=yes
ac_cv_func_inet_ntop=yes
ac_cv_func_inet_pton=yes
ac_cv_func_nanosleep=yes
ac_cv_func_signal=yes
ac_cv_func_sleep=yes
ac_cv_func_snprintf=yes
ac_cv_func_strcasecmp=yes
ac_cv_func_strcasestr=yes
ac_cv_func_strerror=yes
ac_cv_func_strncasecmp=yes
ac_cv_func_usleep=yes
ac_cv_func_vasnprintf=no
ac_cv_func_vasprintf=yes
ac_cv_func_vsnprintf=yes
ac_cv_header_arpa_inet_h=yes
ac_cv_header_errno_h=yes
ac_cv_header_fcntl_h=yes
ac_cv_header_getopt_h=yes
ac_cv_header_inttypes_h=yes
ac_cv_header_memory_h=yes
ac_cv_header_net_if_h=yes
ac_cv_header_netdb_h=yes
ac_cv_header_netinet_in_h=yes
ac_cv_header_openssl_err_h=yes
ac_cv_header_openssl_rand_h=yes
ac_cv_header_openssl_ssl_h=yes
ac_cv_header_stdc=yes
ac_cv_header_stdint_h=yes
ac_cv_header_stdlib_h=yes
ac_cv_header_string_h=yes
ac_cv_header_strings_h=yes
ac_cv_header_sys_param_h=yes
ac_cv_header_sys_resource_h=yes
ac_cv_header_sys_socket_h=yes
ac_cv_header_sys_stat_h=yes
ac_cv_header_sys_time_h=yes
ac_cv_header_sys_types_h=yes
ac_cv_header_sys_wait_h=yes
ac_cv_header_time=yes
ac_cv_header_unistd_h=yes
ac_cv_host=x86_64-apple-darwin11.2.0
ac_cv_lib_crypto_BIO_int_ctrl=yes
ac_cv_lib_ssl_SSL_new=yes
ac_cv_objext=o
ac_cv_path_EGREP='/usr/bin/grep -E'
ac_cv_path_GREP=/usr/bin/grep
ac_cv_prog_CPP=/usr/bin/cpp
ac_cv_prog_ac_ct_CC=gcc
ac_cv_prog_ac_ct_RANLIB=ranlib
ac_cv_prog_cc_c89=
ac_cv_prog_cc_g=yes
ac_cv_search_gai_strerror='none required'
ac_cv_search_getaddrinfo='none required'
ac_cv_search_getnameinfo='none required'
ac_cv_search_inet_addr='none required'
ac_cv_working_getaddrinfo=yes
ac_cv_working_getnameinfo=yes

## ----------------- ##
## Output variables. ##
## ----------------- ##

CC='gcc'
CFLAGS='-g -O2 -Wall '
COMPAT_OBJS=''
COMPAT_SRCS=''
CPP='/usr/bin/cpp'
CPPFLAGS=''
DEFS='-DHAVE_CONFIG_H'
ECHO_C='\c'
ECHO_N=''
ECHO_T=''
EGREP='/usr/bin/grep -E'
EXEEXT=''
GREP='/usr/bin/grep'
LDFLAGS=''
LIBOBJS=' ${LIBOBJDIR}snprintf$U.o ${LIBOBJDIR}nbase_str$U.o ${LIBOBJDIR}nbase_misc$U.o ${LIBOBJDIR}nbase_memalloc$U.o ${LIBOBJDIR}nbase_rnd$U.o'
LIBS='-lssl -lcrypto '
LTLIBOBJS=' ${LIBOBJDIR}snprintf$U.lo ${LIBOBJDIR}nbase_str$U.lo ${LIBOBJDIR}nbase_misc$U.lo ${LIBOBJDIR}nbase_memalloc$U.lo ${LIBOBJDIR}nbase_rnd$U.lo'
OBJEXT='o'
PACKAGE_BUGREPORT=''
PACKAGE_NAME=''
PACKAGE_STRING=''
PACKAGE_TARNAME=''
PACKAGE_URL=''
PACKAGE_VERSION=''
PATH_SEPARATOR=':'
RANLIB='ranlib'
SHELL='/bin/sh'
ac_ct_CC='gcc'
bindir='${exec_prefix}/bin'
build='x86_64-apple-darwin11.2.0'
build_alias=''
build_cpu='x86_64'
build_os='darwin11.2.0'
build_vendor='apple'
datadir='${datarootdir}'
datarootdir='${prefix}/share'
docdir='${datarootdir}/doc/${PACKAGE}'
dvidir='${docdir}'
exec_prefix='${prefix}'
host='x86_64-apple-darwin11.2.0'
host_alias=''
host_cpu='x86_64'
host_os='darwin11.2.0'
host_vendor='apple'
htmldir='${docdir}'
includedir='${prefix}/include'
infodir='${datarootdir}/info'
libdir='${exec_prefix}/lib'
libexecdir='${exec_prefix}/libexec'
localedir='${datarootdir}/locale'
localstatedir='${prefix}/var'
mandir='${datarootdir}/man'
oldincludedir='/usr/include'
pdfdir='${docdir}'
prefix='/usr/local'
program_transform_name='s,x,x,'
psdir='${docdir}'
sbindir='${exec_prefix}/sbin'
sharedstatedir='${prefix}/com'
sysconfdir='${prefix}/etc'
target_alias=''

## ----------- ##
## confdefs.h. ##
## ----------- ##

/* confdefs.h */
#define PACKAGE_NAME ""
#define PACKAGE_TARNAME ""
#define PACKAGE_VERSION ""
#define PACKAGE_STRING ""
#define PACKAGE_BUGREPORT ""
#define PACKAGE_URL ""
#define STDC_HEADERS 1
#define HAVE_SYS_TYPES_H 1
#define HAVE_SYS_STAT_H 1
#define HAVE_STDLIB_H 1
#define HAVE_STRING_H 1
#define HAVE_MEMORY_H 1
#define HAVE_STRINGS_H 1
#define HAVE_INTTYPES_H 1
#define HAVE_STDINT_H 1
#define HAVE_UNISTD_H 1
#define HAVE_STRING_H 1
#define HAVE_GETOPT_H 1
#define HAVE_STRINGS_H 1
#define HAVE_SYS_PARAM_H 1
#define HAVE_SYS_TIME_H 1
#define HAVE_UNISTD_H 1
#define HAVE_ERRNO_H 1
#define HAVE_SYS_TYPES_H 1
#define HAVE_SYS_SOCKET_H 1
#define HAVE_NETINET_IN_H 1
#define HAVE_ARPA_INET_H 1
#define HAVE_SYS_STAT_H 1
#define HAVE_NETDB_H 1
#define HAVE_SYS_WAIT_H 1
#define HAVE_FCNTL_H 1
#define HAVE_SYS_RESOURCE_H 1
#define HAVE_INTTYPES_H 1
#define TIME_WITH_SYS_TIME 1
#define HAVE_SYS_SOCKET_H 1
#define HAVE_NET_IF_H 1
#define HAVE___ATTRIBUTE__ 1
#define HAVE_SNPRINTF 1
#define HAVE_VSNPRINTF 1
#define HAVE_NANOSLEEP 1
#define HAVE_STRERROR 1
#define HAVE_STRCASESTR 1
#define HAVE_STRCASECMP 1
#define HAVE_STRNCASECMP 1
#define HAVE_SIGNAL 1
#define HAVE_VSNPRINTF 1
#define HAVE_SNPRINTF 1
#define HAVE_ASPRINTF 1
#define HAVE_VASPRINTF 1
#define HAVE_GETOPT 1
#define HAVE_GETOPT_LONG_ONLY 1
#define HAVE_USLEEP 1
#define HAVE_GETTIMEOFDAY 1
#define HAVE_SLEEP 1
#define HAVE_STRCASECMP 1
#define HAVE_STRNCASECMP 1
#define HAVE_GAI_STRERROR 1
#define HAVE_INET_NTOP 1
#define HAVE_INET_PTON 1
#define HAVE_GETADDRINFO 1
#define HAVE_GETNAMEINFO 1
#define HAVE_SOCKADDR_IN6 1
#define HAVE_SOCKADDR_STORAGE 1
#define HAVE_AF_INET6 1
#define HAVE_IPV6 1
#define HAVE_LIBCRYPTO 1
#define HAVE_LIBSSL 1
#define HAVE_OPENSSL 1

configure: exit 0
