This file contains any messages produced by compilers while
running configure, to aid debugging if configure makes a mistake.

It was created by configure, which was
generated by GNU Autoconf 2.66.  Invocation command line was

  $ ./configure --disable-option-checking --prefix=/usr/local CPP=/usr/bin/cpp --cache-file=/dev/null --srcdir=.

## --------- ##
## Platform. ##
## --------- ##

hostname = nuno.intern.nullstars.com
uname -m = x86_64
uname -r = 11.2.0
uname -s = Darwin
uname -v = Darwin Kernel Version 11.2.0: Tue Aug  9 20:54:00 PDT 2011; root:xnu-1699.24.8~1/RELEASE_X86_64

/usr/bin/uname -p = i386
/bin/uname -X     = unknown

/bin/arch              = unknown
/usr/bin/arch -k       = unknown
/usr/convex/getsysinfo = unknown
/usr/bin/hostinfo      = Mach kernel version:
	 Darwin Kernel Version 11.2.0: Tue Aug  9 20:54:00 PDT 2011; root:xnu-1699.24.8~1/RELEASE_X86_64
Kernel configured for up to 2 processors.
2 processors are physically available.
2 processors are logically available.
Processor type: i486 (Intel 80486)
Processors active: 0 1
Primary memory available: 8.00 gigabytes
Default processor set: 109 tasks, 619 threads, 2 processors
Load average: 4.14, Mach factor: 0.27
/bin/machine           = unknown
/usr/bin/oslevel       = unknown
/bin/universe          = unknown

PATH: /Users/nfma/.rvm/gems/ruby-1.9.3-p0/bin
PATH: /Users/nfma/.rvm/gems/ruby-1.9.3-p0@global/bin
PATH: /Users/nfma/.rvm/rubies/ruby-1.9.3-p0/bin
PATH: /Users/nfma/.rvm/bin
PATH: /usr/bin
PATH: /bin
PATH: /usr/sbin
PATH: /sbin
PATH: /usr/local/bin
PATH: /usr/X11/bin
PATH: /usr/local/sw/bin
PATH: /home/nfma/Apps/apache-maven-3.0.3/bin


## ----------- ##
## Core tests. ##
## ----------- ##

configure:2218: checking build system type
configure:2232: result: x86_64-apple-darwin11.2.0
configure:2252: checking host system type
configure:2265: result: x86_64-apple-darwin11.2.0
configure:2333: checking for gcc
configure:2349: found /usr/bin/gcc
configure:2360: result: gcc
configure:2589: checking for C compiler version
configure:2598: gcc --version >&5
i686-apple-darwin11-llvm-gcc-4.2 (GCC) 4.2.1 (Based on Apple Inc. build 5658) (LLVM build 2336.1.00)
Copyright (C) 2007 Free Software Foundation, Inc.
This is free software; see the source for copying conditions.  There is NO
warranty; not even for MERCHANTABILITY or FITNESS FOR A PARTICULAR PURPOSE.

configure:2609: $? = 0
configure:2598: gcc -v >&5
Using built-in specs.
Target: i686-apple-darwin11
Configured with: /private/var/tmp/llvmgcc42/llvmgcc42-2336.1~22/src/configure --disable-checking --enable-werror --prefix=/Developer/usr/llvm-gcc-4.2 --mandir=/share/man --enable-languages=c,objc,c++,obj-c++ --program-prefix=llvm- --program-transform-name=/^[cg][^.-]*$/s/$/-4.2/ --with-slibdir=/usr/lib --build=i686-apple-darwin11 --enable-llvm=/private/var/tmp/llvmgcc42/llvmgcc42-2336.1~22/dst-llvmCore/Developer/usr/local --program-prefix=i686-apple-darwin11- --host=x86_64-apple-darwin11 --target=i686-apple-darwin11 --with-gxx-include-dir=/usr/include/c++/4.2.1
Thread model: posix
gcc version 4.2.1 (Based on Apple Inc. build 5658) (LLVM build 2336.1.00)
configure:2609: $? = 0
configure:2598: gcc -V >&5
llvm-gcc-4.2: argument to `-V' is missing
configure:2609: $? = 1
configure:2598: gcc -qversion >&5
i686-apple-darwin11-llvm-gcc-4.2: no input files
configure:2609: $? = 1
configure:2629: checking whether the C compiler works
configure:2651: gcc    conftest.c  >&5
configure:2655: $? = 0
configure:2703: result: yes
configure:2706: checking for C compiler default output file name
configure:2708: result: a.out
configure:2714: checking for suffix of executables
configure:2721: gcc -o conftest    conftest.c  >&5
configure:2725: $? = 0
configure:2747: result: 
configure:2769: checking whether we are cross compiling
configure:2777: gcc -o conftest    conftest.c  >&5
configure:2781: $? = 0
configure:2788: ./conftest
configure:2792: $? = 0
configure:2807: result: no
configure:2812: checking for suffix of object files
configure:2834: gcc -c   conftest.c >&5
configure:2838: $? = 0
configure:2859: result: o
configure:2863: checking whether we are using the GNU C compiler
configure:2882: gcc -c   conftest.c >&5
configure:2882: $? = 0
configure:2891: result: yes
configure:2900: checking whether gcc accepts -g
configure:2920: gcc -c -g  conftest.c >&5
configure:2920: $? = 0
configure:2961: result: yes
configure:2978: checking for gcc option to accept ISO C89
configure:3042: gcc  -c -g -O2  conftest.c >&5
configure:3042: $? = 0
configure:3055: result: none needed
configure:3076: checking for inline
configure:3092: gcc -c -g -O2  conftest.c >&5
configure:3092: $? = 0
configure:3100: result: inline
configure:3167: checking for gcc
configure:3194: result: gcc
configure:3423: checking for C compiler version
configure:3432: gcc --version >&5
i686-apple-darwin11-llvm-gcc-4.2 (GCC) 4.2.1 (Based on Apple Inc. build 5658) (LLVM build 2336.1.00)
Copyright (C) 2007 Free Software Foundation, Inc.
This is free software; see the source for copying conditions.  There is NO
warranty; not even for MERCHANTABILITY or FITNESS FOR A PARTICULAR PURPOSE.

configure:3443: $? = 0
configure:3432: gcc -v >&5
Using built-in specs.
Target: i686-apple-darwin11
Configured with: /private/var/tmp/llvmgcc42/llvmgcc42-2336.1~22/src/configure --disable-checking --enable-werror --prefix=/Developer/usr/llvm-gcc-4.2 --mandir=/share/man --enable-languages=c,objc,c++,obj-c++ --program-prefix=llvm- --program-transform-name=/^[cg][^.-]*$/s/$/-4.2/ --with-slibdir=/usr/lib --build=i686-apple-darwin11 --enable-llvm=/private/var/tmp/llvmgcc42/llvmgcc42-2336.1~22/dst-llvmCore/Developer/usr/local --program-prefix=i686-apple-darwin11- --host=x86_64-apple-darwin11 --target=i686-apple-darwin11 --with-gxx-include-dir=/usr/include/c++/4.2.1
Thread model: posix
gcc version 4.2.1 (Based on Apple Inc. build 5658) (LLVM build 2336.1.00)
configure:3443: $? = 0
configure:3432: gcc -V >&5
llvm-gcc-4.2: argument to `-V' is missing
configure:3443: $? = 1
configure:3432: gcc -qversion >&5
i686-apple-darwin11-llvm-gcc-4.2: no input files
configure:3443: $? = 1
configure:3447: checking whether we are using the GNU C compiler
configure:3475: result: yes
configure:3484: checking whether gcc accepts -g
configure:3545: result: yes
configure:3562: checking for gcc option to accept ISO C89
configure:3639: result: none needed
configure:3717: checking for g++
configure:3733: found /usr/bin/g++
configure:3744: result: g++
configure:3771: checking for C++ compiler version
configure:3780: g++ --version >&5
i686-apple-darwin11-llvm-g++-4.2 (GCC) 4.2.1 (Based on Apple Inc. build 5658) (LLVM build 2336.1.00)
Copyright (C) 2007 Free Software Foundation, Inc.
This is free software; see the source for copying conditions.  There is NO
warranty; not even for MERCHANTABILITY or FITNESS FOR A PARTICULAR PURPOSE.

configure:3791: $? = 0
configure:3780: g++ -v >&5
Using built-in specs.
Target: i686-apple-darwin11
Configured with: /private/var/tmp/llvmgcc42/llvmgcc42-2336.1~22/src/configure --disable-checking --enable-werror --prefix=/Developer/usr/llvm-gcc-4.2 --mandir=/share/man --enable-languages=c,objc,c++,obj-c++ --program-prefix=llvm- --program-transform-name=/^[cg][^.-]*$/s/$/-4.2/ --with-slibdir=/usr/lib --build=i686-apple-darwin11 --enable-llvm=/private/var/tmp/llvmgcc42/llvmgcc42-2336.1~22/dst-llvmCore/Developer/usr/local --program-prefix=i686-apple-darwin11- --host=x86_64-apple-darwin11 --target=i686-apple-darwin11 --with-gxx-include-dir=/usr/include/c++/4.2.1
Thread model: posix
gcc version 4.2.1 (Based on Apple Inc. build 5658) (LLVM build 2336.1.00)
configure:3791: $? = 0
configure:3780: g++ -V >&5
llvm-g++-4.2: argument to `-V' is missing
configure:3791: $? = 1
configure:3780: g++ -qversion >&5
i686-apple-darwin11-llvm-g++-4.2: no input files
configure:3791: $? = 1
configure:3795: checking whether we are using the GNU C++ compiler
configure:3814: g++ -c   conftest.cpp >&5
configure:3814: $? = 0
configure:3823: result: yes
configure:3832: checking whether g++ accepts -g
configure:3852: g++ -c -g  conftest.cpp >&5
configure:3852: $? = 0
configure:3893: result: yes
configure:3930: checking for a BSD-compatible install
configure:3998: result: /usr/bin/install -c
configure:4014: checking whether the compiler is gcc 4 or greater
configure:4035: result: yes
configure:4045: checking for __func__
configure:4060: gcc -c -g -O2  conftest.c >&5
configure:4060: $? = 0
configure:4067: result: yes
configure:4155: checking for strip
configure:4173: found /usr/bin/strip
configure:4185: result: /usr/bin/strip
configure:4215: checking how to run the C preprocessor
configure:4285: result: /usr/bin/cpp
configure:4305: /usr/bin/cpp  conftest.c
configure:4305: $? = 0
configure:4319: /usr/bin/cpp  conftest.c
conftest.c:9: error: ac_nonexistent.h: No such file or directory
configure:4319: $? = 1
configure: failed program was:
| /* confdefs.h */
| #define PACKAGE_NAME ""
| #define PACKAGE_TARNAME ""
| #define PACKAGE_VERSION ""
| #define PACKAGE_STRING ""
| #define PACKAGE_BUGREPORT ""
| #define PACKAGE_URL ""
| /* end confdefs.h.  */
| #include <ac_nonexistent.h>
configure:4348: checking for grep that handles long lines and -e
configure:4406: result: /usr/bin/grep
configure:4411: checking for egrep
configure:4473: result: /usr/bin/grep -E
configure:4478: checking for ANSI C header files
configure:4498: gcc -c -g -O2  conftest.c >&5
configure:4498: $? = 0
configure:4571: gcc -o conftest -g -O2   conftest.c  >&5
configure:4571: $? = 0
configure:4571: ./conftest
configure:4571: $? = 0
configure:4582: result: yes
configure:4595: checking for sys/types.h
configure:4595: gcc -c -g -O2  conftest.c >&5
configure:4595: $? = 0
configure:4595: result: yes
configure:4595: checking for sys/stat.h
configure:4595: gcc -c -g -O2  conftest.c >&5
configure:4595: $? = 0
configure:4595: result: yes
configure:4595: checking for stdlib.h
configure:4595: gcc -c -g -O2  conftest.c >&5
configure:4595: $? = 0
configure:4595: result: yes
configure:4595: checking for string.h
configure:4595: gcc -c -g -O2  conftest.c >&5
configure:4595: $? = 0
configure:4595: result: yes
configure:4595: checking for memory.h
configure:4595: gcc -c -g -O2  conftest.c >&5
configure:4595: $? = 0
configure:4595: result: yes
configure:4595: checking for strings.h
configure:4595: gcc -c -g -O2  conftest.c >&5
configure:4595: $? = 0
configure:4595: result: yes
configure:4595: checking for inttypes.h
configure:4595: gcc -c -g -O2  conftest.c >&5
configure:4595: $? = 0
configure:4595: result: yes
configure:4595: checking for stdint.h
configure:4595: gcc -c -g -O2  conftest.c >&5
configure:4595: $? = 0
configure:4595: result: yes
configure:4595: checking for unistd.h
configure:4595: gcc -c -g -O2  conftest.c >&5
configure:4595: $? = 0
configure:4595: result: yes
configure:4610: checking pwd.h usability
configure:4610: gcc -c -g -O2  conftest.c >&5
configure:4610: $? = 0
configure:4610: result: yes
configure:4610: checking pwd.h presence
configure:4610: /usr/bin/cpp  conftest.c
configure:4610: $? = 0
configure:4610: result: yes
configure:4610: checking for pwd.h
configure:4610: result: yes
configure:4610: checking termios.h usability
configure:4610: gcc -c -g -O2  conftest.c >&5
configure:4610: $? = 0
configure:4610: result: yes
configure:4610: checking termios.h presence
configure:4610: /usr/bin/cpp  conftest.c
configure:4610: $? = 0
configure:4610: result: yes
configure:4610: checking for termios.h
configure:4610: result: yes
configure:4610: checking sys/sockio.h usability
configure:4610: gcc -c -g -O2  conftest.c >&5
configure:4610: $? = 0
configure:4610: result: yes
configure:4610: checking sys/sockio.h presence
configure:4610: /usr/bin/cpp  conftest.c
configure:4610: $? = 0
configure:4610: result: yes
configure:4610: checking for sys/sockio.h
configure:4610: result: yes
configure:4621: checking for library containing setsockopt
configure:4652: gcc -o conftest -g -O2   conftest.c  >&5
configure:4652: $? = 0
configure:4669: result: none required
configure:4677: checking for library containing gethostbyname
configure:4708: gcc -o conftest -g -O2   conftest.c  >&5
configure:4708: $? = 0
configure:4725: result: none required
configure:4758: checking openssl/ssl.h usability
configure:4758: gcc -c -g -O2  conftest.c >&5
configure:4758: $? = 0
configure:4758: result: yes
configure:4758: checking openssl/ssl.h presence
configure:4758: /usr/bin/cpp  conftest.c
In file included from /usr/include/stdio.h:500,
                 from /usr/include/openssl/crypto.h:128,
                 from /usr/include/openssl/comp.h:8,
                 from /usr/include/openssl/ssl.h:179,
                 from conftest.c:23:
/usr/include/secure/_stdio.h:49: error: syntax error in macro parameter list
/usr/include/secure/_stdio.h:57: error: syntax error in macro parameter list
configure:4758: $? = 1
configure: failed program was:
| /* confdefs.h */
| #define PACKAGE_NAME ""
| #define PACKAGE_TARNAME ""
| #define PACKAGE_VERSION ""
| #define PACKAGE_STRING ""
| #define PACKAGE_BUGREPORT ""
| #define PACKAGE_URL ""
| #define STDC_HEADERS 1
| #define HAVE_SYS_TYPES_H 1
| #define HAVE_SYS_STAT_H 1
| #define HAVE_STDLIB_H 1
| #define HAVE_STRING_H 1
| #define HAVE_MEMORY_H 1
| #define HAVE_STRINGS_H 1
| #define HAVE_INTTYPES_H 1
| #define HAVE_STDINT_H 1
| #define HAVE_UNISTD_H 1
| #define HAVE_PWD_H 1
| #define HAVE_TERMIOS_H 1
| #define HAVE_SYS_SOCKIO_H 1
| /* end confdefs.h.  */
| #include <openssl/ssl.h>
configure:4758: result: no
configure:4758: WARNING: openssl/ssl.h: accepted by the compiler, rejected by the preprocessor!
configure:4758: WARNING: openssl/ssl.h: proceeding with the compiler's result
configure:4758: checking for openssl/ssl.h
configure:4758: result: yes
configure:4775: checking for BIO_int_ctrl in -lcrypto
configure:4800: gcc -o conftest -g -O2   conftest.c -lcrypto   >&5
configure:4800: $? = 0
configure:4809: result: yes
configure:4826: checking for SSL_new in -lssl
configure:4851: gcc -o conftest -g -O2   conftest.c -lssl  -lcrypto   >&5
configure:4851: $? = 0
configure:4860: result: yes
configure:4884: checking for EVP_sha256
configure:4884: gcc -o conftest -g -O2   conftest.c  -lssl -lcrypto >&5
configure:4884: $? = 0
configure:4884: result: yes
configure:4906: checking pcap.h usability
configure:4906: gcc -c -g -O2  conftest.c >&5
configure:4906: $? = 0
configure:4906: result: yes
configure:4906: checking pcap.h presence
configure:4906: /usr/bin/cpp  conftest.c
In file included from /usr/include/stdio.h:500,
                 from /usr/include/pcap/pcap.h:55,
                 from /usr/include/pcap.h:46,
                 from conftest.c:24:
/usr/include/secure/_stdio.h:49: error: syntax error in macro parameter list
/usr/include/secure/_stdio.h:57: error: syntax error in macro parameter list
configure:4906: $? = 1
configure: failed program was:
| /* confdefs.h */
| #define PACKAGE_NAME ""
| #define PACKAGE_TARNAME ""
| #define PACKAGE_VERSION ""
| #define PACKAGE_STRING ""
| #define PACKAGE_BUGREPORT ""
| #define PACKAGE_URL ""
| #define STDC_HEADERS 1
| #define HAVE_SYS_TYPES_H 1
| #define HAVE_SYS_STAT_H 1
| #define HAVE_STDLIB_H 1
| #define HAVE_STRING_H 1
| #define HAVE_MEMORY_H 1
| #define HAVE_STRINGS_H 1
| #define HAVE_INTTYPES_H 1
| #define HAVE_STDINT_H 1
| #define HAVE_UNISTD_H 1
| #define HAVE_PWD_H 1
| #define HAVE_TERMIOS_H 1
| #define HAVE_SYS_SOCKIO_H 1
| #define HAVE_OPENSSL 1
| /* end confdefs.h.  */
| #include <pcap.h>
configure:4906: result: no
configure:4906: WARNING: pcap.h: accepted by the compiler, rejected by the preprocessor!
configure:4906: WARNING: pcap.h: proceeding with the compiler's result
configure:4906: checking for pcap.h
configure:4906: result: yes
configure:4909: checking for pcap_datalink in -lpcap
configure:4934: gcc -o conftest -g -O2   conftest.c -lpcap   >&5
configure:4934: $? = 0
configure:4943: result: yes
configure:5040: checking sys/ioccom.h usability
configure:5040: gcc -c -g -O2  conftest.c >&5
configure:5040: $? = 0
configure:5040: result: yes
configure:5040: checking sys/ioccom.h presence
configure:5040: /usr/bin/cpp  conftest.c
configure:5040: $? = 0
configure:5040: result: yes
configure:5040: checking for sys/ioccom.h
configure:5040: result: yes
configure:5040: checking sys/time.h usability
configure:5040: gcc -c -g -O2  conftest.c >&5
configure:5040: $? = 0
configure:5040: result: yes
configure:5040: checking sys/time.h presence
configure:5040: /usr/bin/cpp  conftest.c
configure:5040: $? = 0
configure:5040: result: yes
configure:5040: checking for sys/time.h
configure:5040: result: yes
configure:5040: checking net/bpf.h usability
configure:5040: gcc -c -g -O2  conftest.c >&5
configure:5040: $? = 0
configure:5040: result: yes
configure:5040: checking net/bpf.h presence
configure:5040: /usr/bin/cpp  conftest.c
configure:5040: $? = 0
configure:5040: result: yes
configure:5040: checking for net/bpf.h
configure:5040: result: yes
configure:5050: checking if libpcap is suitable
configure:5074: gcc -o conftest -g -O2   conftest.c  -lpcap >&5
conftest.c: In function 'main':
conftest.c:33: warning: incompatible implicit declaration of built-in function 'exit'
configure:5074: $? = 0
configure:5074: ./conftest
configure:5074: $? = 0
configure:5111: gcc -o conftest -g -O2   conftest.c  -lpcap >&5
configure:5111: $? = 0
configure:5111: ./conftest
configure:5111: $? = 0
configure:5112: result: yes
configure:5224: checking for library containing dlopen
configure:5255: gcc -o conftest -g -O2 -I../libdnet-stripped/include   conftest.c  >&5
configure:5255: $? = 0
configure:5272: result: none required
configure:5282: checking for library containing nl_handle_alloc
configure:5313: gcc -o conftest -g -O2 -I../libdnet-stripped/include   conftest.c  >&5
Undefined symbols for architecture x86_64:
  "_nl_handle_alloc", referenced from:
      _main in ccZr2Rdz.o
ld: symbol(s) not found for architecture x86_64
collect2: ld returned 1 exit status
configure:5313: $? = 1
configure: failed program was:
| /* confdefs.h */
| #define PACKAGE_NAME ""
| #define PACKAGE_TARNAME ""
| #define PACKAGE_VERSION ""
| #define PACKAGE_STRING ""
| #define PACKAGE_BUGREPORT ""
| #define PACKAGE_URL ""
| #define STDC_HEADERS 1
| #define HAVE_SYS_TYPES_H 1
| #define HAVE_SYS_STAT_H 1
| #define HAVE_STDLIB_H 1
| #define HAVE_STRING_H 1
| #define HAVE_MEMORY_H 1
| #define HAVE_STRINGS_H 1
| #define HAVE_INTTYPES_H 1
| #define HAVE_STDINT_H 1
| #define HAVE_UNISTD_H 1
| #define HAVE_PWD_H 1
| #define HAVE_TERMIOS_H 1
| #define HAVE_SYS_SOCKIO_H 1
| #define HAVE_OPENSSL 1
| #define HAVE_SYS_IOCCOM_H 1
| #define HAVE_SYS_TIME_H 1
| #define HAVE_NET_BPF_H 1
| #define HAVE_LIBPCAP 1
| /* end confdefs.h.  */
| 
| /* Override any GCC internal prototype to avoid an error.
|    Use char because int might match the return type of a GCC
|    builtin and then its argument prototype would still apply.  */
| #ifdef __cplusplus
| extern "C"
| #endif
| char nl_handle_alloc ();
| int
| main ()
| {
| return nl_handle_alloc ();
|   ;
|   return 0;
| }
configure:5313: gcc -o conftest -g -O2 -I../libdnet-stripped/include   conftest.c -lnl   >&5
ld: library not found for -lnl
collect2: ld returned 1 exit status
configure:5313: $? = 1
configure: failed program was:
| /* confdefs.h */
| #define PACKAGE_NAME ""
| #define PACKAGE_TARNAME ""
| #define PACKAGE_VERSION ""
| #define PACKAGE_STRING ""
| #define PACKAGE_BUGREPORT ""
| #define PACKAGE_URL ""
| #define STDC_HEADERS 1
| #define HAVE_SYS_TYPES_H 1
| #define HAVE_SYS_STAT_H 1
| #define HAVE_STDLIB_H 1
| #define HAVE_STRING_H 1
| #define HAVE_MEMORY_H 1
| #define HAVE_STRINGS_H 1
| #define HAVE_INTTYPES_H 1
| #define HAVE_STDINT_H 1
| #define HAVE_UNISTD_H 1
| #define HAVE_PWD_H 1
| #define HAVE_TERMIOS_H 1
| #define HAVE_SYS_SOCKIO_H 1
| #define HAVE_OPENSSL 1
| #define HAVE_SYS_IOCCOM_H 1
| #define HAVE_SYS_TIME_H 1
| #define HAVE_NET_BPF_H 1
| #define HAVE_LIBPCAP 1
| /* end confdefs.h.  */
| 
| /* Override any GCC internal prototype to avoid an error.
|    Use char because int might match the return type of a GCC
|    builtin and then its argument prototype would still apply.  */
| #ifdef __cplusplus
| extern "C"
| #endif
| char nl_handle_alloc ();
| int
| main ()
| {
| return nl_handle_alloc ();
|   ;
|   return 0;
| }
configure:5330: result: no
configure:5340: checking if sockaddr{} has sa_len member
configure:5358: gcc -c -g -O2 -I../libdnet-stripped/include  conftest.c >&5
configure:5358: $? = 0
configure:5365: result: yes
configure:5373: checking if sockaddr_in{} has sin_len member
configure:5392: gcc -c -g -O2 -I../libdnet-stripped/include  conftest.c >&5
configure:5392: $? = 0
configure:5399: result: yes
configure:5407: checking if sockaddr_in6{} has sin6_len member
configure:5426: gcc -c -g -O2 -I../libdnet-stripped/include  conftest.c >&5
configure:5426: $? = 0
configure:5433: result: yes
configure:5442: checking whether byte ordering is bigendian
configure:5457: gcc -c -g -O2 -I../libdnet-stripped/include  conftest.c >&5
configure:5457: $? = 0
configure:5502: gcc -c -g -O2 -I../libdnet-stripped/include  conftest.c >&5
configure:5502: $? = 0
configure:5520: gcc -c -g -O2 -I../libdnet-stripped/include  conftest.c >&5
conftest.c: In function 'main':
conftest.c:37: error: 'not' undeclared (first use in this function)
conftest.c:37: error: (Each undeclared identifier is reported only once
conftest.c:37: error: for each function it appears in.)
conftest.c:37: error: expected ';' before 'big'
configure:5520: $? = 1
configure: failed program was:
| /* confdefs.h */
| #define PACKAGE_NAME ""
| #define PACKAGE_TARNAME ""
| #define PACKAGE_VERSION ""
| #define PACKAGE_STRING ""
| #define PACKAGE_BUGREPORT ""
| #define PACKAGE_URL ""
| #define STDC_HEADERS 1
| #define HAVE_SYS_TYPES_H 1
| #define HAVE_SYS_STAT_H 1
| #define HAVE_STDLIB_H 1
| #define HAVE_STRING_H 1
| #define HAVE_MEMORY_H 1
| #define HAVE_STRINGS_H 1
| #define HAVE_INTTYPES_H 1
| #define HAVE_STDINT_H 1
| #define HAVE_UNISTD_H 1
| #define HAVE_PWD_H 1
| #define HAVE_TERMIOS_H 1
| #define HAVE_SYS_SOCKIO_H 1
| #define HAVE_OPENSSL 1
| #define HAVE_SYS_IOCCOM_H 1
| #define HAVE_SYS_TIME_H 1
| #define HAVE_NET_BPF_H 1
| #define HAVE_LIBPCAP 1
| #define HAVE_SOCKADDR_SA_LEN 1
| #define HAVE_SOCKADDR_IN_SIN_LEN 1
| #define HAVE_SOCKADDR_IN6_SIN6_LEN 1
| /* end confdefs.h.  */
| #include <sys/types.h>
| 		#include <sys/param.h>
| 
| int
| main ()
| {
| #if BYTE_ORDER != BIG_ENDIAN
| 		 not big endian
| 		#endif
| 
|   ;
|   return 0;
| }
configure:5648: result: no
configure:5667: checking if struct in_addr is a wacky huge structure (some Sun boxes)
configure:5681: gcc -c -g -O2 -I../libdnet-stripped/include  conftest.c >&5
conftest.c: In function 'main':
conftest.c:34: error: 'struct in_addr' has no member named '_S_un'
configure:5681: $? = 1
configure: failed program was:
| /* confdefs.h */
| #define PACKAGE_NAME ""
| #define PACKAGE_TARNAME ""
| #define PACKAGE_VERSION ""
| #define PACKAGE_STRING ""
| #define PACKAGE_BUGREPORT ""
| #define PACKAGE_URL ""
| #define STDC_HEADERS 1
| #define HAVE_SYS_TYPES_H 1
| #define HAVE_SYS_STAT_H 1
| #define HAVE_STDLIB_H 1
| #define HAVE_STRING_H 1
| #define HAVE_MEMORY_H 1
| #define HAVE_STRINGS_H 1
| #define HAVE_INTTYPES_H 1
| #define HAVE_STDINT_H 1
| #define HAVE_UNISTD_H 1
| #define HAVE_PWD_H 1
| #define HAVE_TERMIOS_H 1
| #define HAVE_SYS_SOCKIO_H 1
| #define HAVE_OPENSSL 1
| #define HAVE_SYS_IOCCOM_H 1
| #define HAVE_SYS_TIME_H 1
| #define HAVE_NET_BPF_H 1
| #define HAVE_LIBPCAP 1
| #define HAVE_SOCKADDR_SA_LEN 1
| #define HAVE_SOCKADDR_IN_SIN_LEN 1
| #define HAVE_SOCKADDR_IN6_SIN6_LEN 1
| /* end confdefs.h.  */
| #include <netinet/in.h>
| int
| main ()
| {
| struct in_addr i; i._S_un._S_addr;
|   ;
|   return 0;
| }
configure:5701: gcc -c -g -O2 -I../libdnet-stripped/include  conftest.c >&5
conftest.c: In function 'main':
conftest.c:35: error: 'struct in_addr' has no member named 'S_un'
configure:5701: $? = 1
configure: failed program was:
| /* confdefs.h */
| #define PACKAGE_NAME ""
| #define PACKAGE_TARNAME ""
| #define PACKAGE_VERSION ""
| #define PACKAGE_STRING ""
| #define PACKAGE_BUGREPORT ""
| #define PACKAGE_URL ""
| #define STDC_HEADERS 1
| #define HAVE_SYS_TYPES_H 1
| #define HAVE_SYS_STAT_H 1
| #define HAVE_STDLIB_H 1
| #define HAVE_STRING_H 1
| #define HAVE_MEMORY_H 1
| #define HAVE_STRINGS_H 1
| #define HAVE_INTTYPES_H 1
| #define HAVE_STDINT_H 1
| #define HAVE_UNISTD_H 1
| #define HAVE_PWD_H 1
| #define HAVE_TERMIOS_H 1
| #define HAVE_SYS_SOCKIO_H 1
| #define HAVE_OPENSSL 1
| #define HAVE_SYS_IOCCOM_H 1
| #define HAVE_SYS_TIME_H 1
| #define HAVE_NET_BPF_H 1
| #define HAVE_LIBPCAP 1
| #define HAVE_SOCKADDR_SA_LEN 1
| #define HAVE_SOCKADDR_IN_SIN_LEN 1
| #define HAVE_SOCKADDR_IN6_SIN6_LEN 1
| /* end confdefs.h.  */
| #include <sys/types.h>
| #include <netinet/in.h>
| int
| main ()
| {
| struct in_addr i; i.S_un.S_addr;
|   ;
|   return 0;
| }
configure:5709: result: no
configure:5751: checking if struct ip has ip_sum member
configure:5776: gcc -c -g -O2 -I../libdnet-stripped/include  conftest.c >&5
configure:5776: $? = 0
configure:5783: result: yes
configure:5790: checking if function signal is accessible
configure:5817: gcc -c -g -O2 -I../libdnet-stripped/include  conftest.c >&5
conftest.c: In function 'main':
conftest.c:38: error: nested functions are disabled, use -fnested-functions to re-enable
conftest.c:42: error: nested functions are disabled, use -fnested-functions to re-enable
configure:5817: $? = 1
configure: failed program was:
| /* confdefs.h */
| #define PACKAGE_NAME ""
| #define PACKAGE_TARNAME ""
| #define PACKAGE_VERSION ""
| #define PACKAGE_STRING ""
| #define PACKAGE_BUGREPORT ""
| #define PACKAGE_URL ""
| #define STDC_HEADERS 1
| #define HAVE_SYS_TYPES_H 1
| #define HAVE_SYS_STAT_H 1
| #define HAVE_STDLIB_H 1
| #define HAVE_STRING_H 1
| #define HAVE_MEMORY_H 1
| #define HAVE_STRINGS_H 1
| #define HAVE_INTTYPES_H 1
| #define HAVE_STDINT_H 1
| #define HAVE_UNISTD_H 1
| #define HAVE_PWD_H 1
| #define HAVE_TERMIOS_H 1
| #define HAVE_SYS_SOCKIO_H 1
| #define HAVE_OPENSSL 1
| #define HAVE_SYS_IOCCOM_H 1
| #define HAVE_SYS_TIME_H 1
| #define HAVE_NET_BPF_H 1
| #define HAVE_LIBPCAP 1
| #define HAVE_SOCKADDR_SA_LEN 1
| #define HAVE_SOCKADDR_IN_SIN_LEN 1
| #define HAVE_SOCKADDR_IN6_SIN6_LEN 1
| #define HAVE_IP_IP_SUM 1
| /* end confdefs.h.  */
| 
|                     #include <signal.h>
| 
| int
| main ()
| {
| 
|                     void handler(int signo){
|                      int a=0;
|                     }
| 
|                     int main () {
|                         ssignal(SIGINT, handler);
|                         return 0;
|                     }
| 
|   ;
|   return 0;
| }
configure:5824: result: no
configure:6060: checking for main in -lm
configure:6079: gcc -o conftest -g -O2 -I../libdnet-stripped/include   conftest.c -lm   >&5
configure:6079: $? = 0
configure:6088: result: yes
configure:6111: checking for strerror
configure:6111: gcc -o conftest -g -O2 -I../libdnet-stripped/include   conftest.c -lm  >&5
configure:6111: $? = 0
configure:6111: result: yes
configure:6228: creating ./config.status

## ---------------------- ##
## Running config.status. ##
## ---------------------- ##

This file was extended by config.status, which was
generated by GNU Autoconf 2.66.  Invocation command line was

  CONFIG_FILES    = 
  CONFIG_HEADERS  = 
  CONFIG_LINKS    = 
  CONFIG_COMMANDS = 
  $ ./config.status 

on nuno.intern.nullstars.com

config.status:848: creating Makefile
config.status:951: WARNING:  'Makefile.in' seems to ignore the --datarootdir setting
config.status:848: creating nping_config.h

## ---------------- ##
## Cache variables. ##
## ---------------- ##

ac_cv_build=x86_64-apple-darwin11.2.0
ac_cv_c_bigendian=no
ac_cv_c_compiler_gnu=yes
ac_cv_c_inline=inline
ac_cv_cxx_compiler_gnu=yes
ac_cv_env_CCC_set=
ac_cv_env_CCC_value=
ac_cv_env_CC_set=
ac_cv_env_CC_value=
ac_cv_env_CFLAGS_set=
ac_cv_env_CFLAGS_value=
ac_cv_env_CPPFLAGS_set=
ac_cv_env_CPPFLAGS_value=
ac_cv_env_CPP_set=set
ac_cv_env_CPP_value=/usr/bin/cpp
ac_cv_env_CXXFLAGS_set=
ac_cv_env_CXXFLAGS_value=
ac_cv_env_CXX_set=
ac_cv_env_CXX_value=
ac_cv_env_LDFLAGS_set=
ac_cv_env_LDFLAGS_value=
ac_cv_env_LIBS_set=
ac_cv_env_LIBS_value=
ac_cv_env_build_alias_set=
ac_cv_env_build_alias_value=
ac_cv_env_host_alias_set=
ac_cv_env_host_alias_value=
ac_cv_env_target_alias_set=
ac_cv_env_target_alias_value=
ac_cv_func_EVP_sha256=yes
ac_cv_func_strerror=yes
ac_cv_have_signal=no
ac_cv_header_inttypes_h=yes
ac_cv_header_memory_h=yes
ac_cv_header_net_bpf_h=yes
ac_cv_header_openssl_ssl_h=yes
ac_cv_header_pcap_h=yes
ac_cv_header_pwd_h=yes
ac_cv_header_stdc=yes
ac_cv_header_stdint_h=yes
ac_cv_header_stdlib_h=yes
ac_cv_header_string_h=yes
ac_cv_header_strings_h=yes
ac_cv_header_sys_ioccom_h=yes
ac_cv_header_sys_sockio_h=yes
ac_cv_header_sys_stat_h=yes
ac_cv_header_sys_time_h=yes
ac_cv_header_sys_types_h=yes
ac_cv_header_termios_h=yes
ac_cv_header_unistd_h=yes
ac_cv_host=x86_64-apple-darwin11.2.0
ac_cv_ip_has_ip_sum=yes
ac_cv_lib_crypto_BIO_int_ctrl=yes
ac_cv_lib_m_main=yes
ac_cv_lib_pcap_pcap_datalink=yes
ac_cv_lib_ssl_SSL_new=yes
ac_cv_objext=o
ac_cv_path_EGREP='/usr/bin/grep -E'
ac_cv_path_GREP=/usr/bin/grep
ac_cv_path_ac_pt_STRIP=/usr/bin/strip
ac_cv_path_install='/usr/bin/install -c'
ac_cv_prog_CPP=/usr/bin/cpp
ac_cv_prog_ac_ct_CC=gcc
ac_cv_prog_ac_ct_CXX=g++
ac_cv_prog_cc_c89=
ac_cv_prog_cc_g=yes
ac_cv_prog_cxx_g=yes
ac_cv_search_dlopen='none required'
ac_cv_search_gethostbyname='none required'
ac_cv_search_nl_handle_alloc=no
ac_cv_search_setsockopt='none required'
ac_cv_sockaddr_has_sa_len=yes
ac_cv_sockaddr_in6_has_sin6_len=yes
ac_cv_sockaddr_in_has_sin_len=yes

## ----------------- ##
## Output variables. ##
## ----------------- ##

CC='gcc'
CFLAGS='-g -O2'
COMPAT_OBJS=''
COMPAT_SRCS=''
CPP='/usr/bin/cpp'
CPPFLAGS='-I../libdnet-stripped/include '
CXX='g++'
CXXFLAGS='-g -O2 -Wall  -fno-strict-aliasing'
DEFS='-DHAVE_CONFIG_H'
DNET_BUILD='dnet_build'
DNET_CLEAN='dnet_clean'
DNET_DEPENDS='../libdnet-stripped/src/.libs/libdnet.a'
DNET_DIST_CLEAN='dnet_dist_clean'
ECHO_C='\c'
ECHO_N=''
ECHO_T=''
EGREP='/usr/bin/grep -E'
EXEEXT=''
GREP='/usr/bin/grep'
INSTALL_DATA='${INSTALL} -m 644'
INSTALL_PROGRAM='${INSTALL}'
INSTALL_SCRIPT='${INSTALL}'
LDFLAGS=''
LIBDNETDIR='../libdnet-stripped'
LIBDNET_LIBS='../libdnet-stripped/src/.libs/libdnet.a'
LIBOBJS=''
LIBPCAP_LIBS='-lpcap'
LIBS='-lm '
LTLIBOBJS=''
OBJEXT='o'
OPENSSL_LIBS='-lssl -lcrypto'
PACKAGE_BUGREPORT=''
PACKAGE_NAME=''
PACKAGE_STRING=''
PACKAGE_TARNAME=''
PACKAGE_URL=''
PACKAGE_VERSION=''
PATH_SEPARATOR=':'
PCAP_BUILD=''
PCAP_CLEAN=''
PCAP_DEPENDS=''
PCAP_DIST_CLEAN=''
SHELL='/bin/sh'
STRIP='/usr/bin/strip'
ac_ct_CC='gcc'
ac_ct_CXX='g++'
bindir='${exec_prefix}/bin'
build='x86_64-apple-darwin11.2.0'
build_alias=''
build_cpu='x86_64'
build_os='darwin11.2.0'
build_vendor='apple'
datadir='${datarootdir}'
datarootdir='${prefix}/share'
docdir='${datarootdir}/doc/${PACKAGE}'
dvidir='${docdir}'
exec_prefix='${prefix}'
host='x86_64-apple-darwin11.2.0'
host_alias=''
host_cpu='x86_64'
host_os='darwin11.2.0'
host_vendor='apple'
htmldir='${docdir}'
includedir='${prefix}/include'
infodir='${datarootdir}/info'
libdir='${exec_prefix}/lib'
libexecdir='${exec_prefix}/libexec'
libpcapdir='../libpcap'
localedir='${datarootdir}/locale'
localstatedir='${prefix}/var'
mandir='${datarootdir}/man'
oldincludedir='/usr/include'
pcredir='libpcre'
pdfdir='${docdir}'
prefix='/usr/local'
program_transform_name='s,x,x,'
psdir='${docdir}'
sbindir='${exec_prefix}/sbin'
sharedstatedir='${prefix}/com'
subdirs=' libdnet-stripped'
sysconfdir='${prefix}/etc'
target_alias=''

## ----------- ##
## confdefs.h. ##
## ----------- ##

/* confdefs.h */
#define PACKAGE_NAME ""
#define PACKAGE_TARNAME ""
#define PACKAGE_VERSION ""
#define PACKAGE_STRING ""
#define PACKAGE_BUGREPORT ""
#define PACKAGE_URL ""
#define STDC_HEADERS 1
#define HAVE_SYS_TYPES_H 1
#define HAVE_SYS_STAT_H 1
#define HAVE_STDLIB_H 1
#define HAVE_STRING_H 1
#define HAVE_MEMORY_H 1
#define HAVE_STRINGS_H 1
#define HAVE_INTTYPES_H 1
#define HAVE_STDINT_H 1
#define HAVE_UNISTD_H 1
#define HAVE_PWD_H 1
#define HAVE_TERMIOS_H 1
#define HAVE_SYS_SOCKIO_H 1
#define HAVE_OPENSSL 1
#define HAVE_SYS_IOCCOM_H 1
#define HAVE_SYS_TIME_H 1
#define HAVE_NET_BPF_H 1
#define HAVE_LIBPCAP 1
#define HAVE_SOCKADDR_SA_LEN 1
#define HAVE_SOCKADDR_IN_SIN_LEN 1
#define HAVE_SOCKADDR_IN6_SIN6_LEN 1
#define HAVE_IP_IP_SUM 1
#define MACOSX 1
#define HAVE_LIBM 1
#define HAVE_STRERROR 1

configure: exit 0
